27-Oct-2020 11:40:02.446 INFO [main] org.apache.catalina.startup.VersionLoggerListener.log Server version name:   Apache Tomcat/9.0.39
27-Oct-2020 11:40:02.449 INFO [main] org.apache.catalina.startup.VersionLoggerListener.log Server built:          Oct 6 2020 14:11:46 UTC
27-Oct-2020 11:40:02.449 INFO [main] org.apache.catalina.startup.VersionLoggerListener.log Server version number: 9.0.39.0
27-Oct-2020 11:40:02.449 INFO [main] org.apache.catalina.startup.VersionLoggerListener.log OS Name:               Linux
27-Oct-2020 11:40:02.449 INFO [main] org.apache.catalina.startup.VersionLoggerListener.log OS Version:            5.4.0-52-generic
27-Oct-2020 11:40:02.450 INFO [main] org.apache.catalina.startup.VersionLoggerListener.log Architecture:          amd64
27-Oct-2020 11:40:02.450 INFO [main] org.apache.catalina.startup.VersionLoggerListener.log Java Home:             /usr/lib/jvm/java-14-openjdk-amd64
27-Oct-2020 11:40:02.450 INFO [main] org.apache.catalina.startup.VersionLoggerListener.log JVM Version:           14.0.2+12-Ubuntu-120.04
27-Oct-2020 11:40:02.450 INFO [main] org.apache.catalina.startup.VersionLoggerListener.log JVM Vendor:            Private Build
27-Oct-2020 11:40:02.450 INFO [main] org.apache.catalina.startup.VersionLoggerListener.log CATALINA_BASE:         /home/diogo/Desktop/Aulas/IES/lab2.1/apache-tomcat-9.0.39
27-Oct-2020 11:40:02.450 INFO [main] org.apache.catalina.startup.VersionLoggerListener.log CATALINA_HOME:         /home/diogo/Desktop/Aulas/IES/lab2.1/apache-tomcat-9.0.39
27-Oct-2020 11:40:02.463 INFO [main] org.apache.catalina.startup.VersionLoggerListener.log Command line argument: --add-opens=java.base/java.lang=ALL-UNNAMED
27-Oct-2020 11:40:02.463 INFO [main] org.apache.catalina.startup.VersionLoggerListener.log Command line argument: --add-opens=java.base/java.io=ALL-UNNAMED
27-Oct-2020 11:40:02.463 INFO [main] org.apache.catalina.startup.VersionLoggerListener.log Command line argument: --add-opens=java.rmi/sun.rmi.transport=ALL-UNNAMED
27-Oct-2020 11:40:02.463 INFO [main] org.apache.catalina.startup.VersionLoggerListener.log Command line argument: -Djava.util.logging.config.file=/home/diogo/Desktop/Aulas/IES/lab2.1/apache-tomcat-9.0.39/conf/logging.properties
27-Oct-2020 11:40:02.463 INFO [main] org.apache.catalina.startup.VersionLoggerListener.log Command line argument: -Djava.util.logging.manager=org.apache.juli.ClassLoaderLogManager
27-Oct-2020 11:40:02.464 INFO [main] org.apache.catalina.startup.VersionLoggerListener.log Command line argument: -Djdk.tls.ephemeralDHKeySize=2048
27-Oct-2020 11:40:02.464 INFO [main] org.apache.catalina.startup.VersionLoggerListener.log Command line argument: -Djava.protocol.handler.pkgs=org.apache.catalina.webresources
27-Oct-2020 11:40:02.464 INFO [main] org.apache.catalina.startup.VersionLoggerListener.log Command line argument: -Dorg.apache.catalina.security.SecurityListener.UMASK=0027
27-Oct-2020 11:40:02.464 INFO [main] org.apache.catalina.startup.VersionLoggerListener.log Command line argument: -Dignore.endorsed.dirs=
27-Oct-2020 11:40:02.464 INFO [main] org.apache.catalina.startup.VersionLoggerListener.log Command line argument: -Dcatalina.base=/home/diogo/Desktop/Aulas/IES/lab2.1/apache-tomcat-9.0.39
27-Oct-2020 11:40:02.464 INFO [main] org.apache.catalina.startup.VersionLoggerListener.log Command line argument: -Dcatalina.home=/home/diogo/Desktop/Aulas/IES/lab2.1/apache-tomcat-9.0.39
27-Oct-2020 11:40:02.464 INFO [main] org.apache.catalina.startup.VersionLoggerListener.log Command line argument: -Djava.io.tmpdir=/home/diogo/Desktop/Aulas/IES/lab2.1/apache-tomcat-9.0.39/temp
27-Oct-2020 11:40:02.466 INFO [main] org.apache.catalina.core.AprLifecycleListener.lifecycleEvent The Apache Tomcat Native library which allows using OpenSSL was not found on the java.library.path: [/usr/java/packages/lib:/usr/lib/x86_64-linux-gnu/jni:/lib/x86_64-linux-gnu:/usr/lib/x86_64-linux-gnu:/usr/lib/jni:/lib:/usr/lib]
27-Oct-2020 11:40:02.768 INFO [main] org.apache.coyote.AbstractProtocol.init Initializing ProtocolHandler ["http-nio-8080"]
27-Oct-2020 11:40:02.797 INFO [main] org.apache.catalina.startup.Catalina.load Server initialization in [546] milliseconds
27-Oct-2020 11:40:02.836 INFO [main] org.apache.catalina.core.StandardService.startInternal Starting service [Catalina]
27-Oct-2020 11:40:02.836 INFO [main] org.apache.catalina.core.StandardEngine.startInternal Starting Servlet engine: [Apache Tomcat/9.0.39]
27-Oct-2020 11:40:02.844 INFO [main] org.apache.catalina.startup.HostConfig.deployDirectory Deploying web application directory [/home/diogo/Desktop/Aulas/IES/lab2.1/apache-tomcat-9.0.39/webapps/manager]
27-Oct-2020 11:40:03.100 INFO [main] org.apache.catalina.startup.HostConfig.deployDirectory Deployment of web application directory [/home/diogo/Desktop/Aulas/IES/lab2.1/apache-tomcat-9.0.39/webapps/manager] has finished in [256] ms
27-Oct-2020 11:40:03.101 INFO [main] org.apache.catalina.startup.HostConfig.deployDirectory Deploying web application directory [/home/diogo/Desktop/Aulas/IES/lab2.1/apache-tomcat-9.0.39/webapps/examples]
27-Oct-2020 11:40:03.351 INFO [main] org.apache.catalina.startup.HostConfig.deployDirectory Deployment of web application directory [/home/diogo/Desktop/Aulas/IES/lab2.1/apache-tomcat-9.0.39/webapps/examples] has finished in [249] ms
27-Oct-2020 11:40:03.351 INFO [main] org.apache.catalina.startup.HostConfig.deployDirectory Deploying web application directory [/home/diogo/Desktop/Aulas/IES/lab2.1/apache-tomcat-9.0.39/webapps/ROOT]
27-Oct-2020 11:40:03.368 INFO [main] org.apache.catalina.startup.HostConfig.deployDirectory Deployment of web application directory [/home/diogo/Desktop/Aulas/IES/lab2.1/apache-tomcat-9.0.39/webapps/ROOT] has finished in [17] ms
27-Oct-2020 11:40:03.368 INFO [main] org.apache.catalina.startup.HostConfig.deployDirectory Deploying web application directory [/home/diogo/Desktop/Aulas/IES/lab2.1/apache-tomcat-9.0.39/webapps/docs]
27-Oct-2020 11:40:03.383 INFO [main] org.apache.catalina.startup.HostConfig.deployDirectory Deployment of web application directory [/home/diogo/Desktop/Aulas/IES/lab2.1/apache-tomcat-9.0.39/webapps/docs] has finished in [15] ms
27-Oct-2020 11:40:03.384 INFO [main] org.apache.catalina.startup.HostConfig.deployDirectory Deploying web application directory [/home/diogo/Desktop/Aulas/IES/lab2.1/apache-tomcat-9.0.39/webapps/host-manager]
27-Oct-2020 11:40:03.403 INFO [main] org.apache.catalina.startup.HostConfig.deployDirectory Deployment of web application directory [/home/diogo/Desktop/Aulas/IES/lab2.1/apache-tomcat-9.0.39/webapps/host-manager] has finished in [18] ms
27-Oct-2020 11:40:03.406 INFO [main] org.apache.coyote.AbstractProtocol.start Starting ProtocolHandler ["http-nio-8080"]
27-Oct-2020 11:40:03.418 INFO [main] org.apache.catalina.startup.Catalina.start Server startup in [620] milliseconds
27-Oct-2020 11:57:03.767 INFO [http-nio-8080-exec-10] org.apache.catalina.startup.HostConfig.deployWAR Deploying web application archive [/home/diogo/Desktop/Aulas/IES/lab2.1/apache-tomcat-9.0.39/webapps/webapp-javaee7-1.1.war]
27-Oct-2020 11:57:03.822 INFO [http-nio-8080-exec-10] org.apache.catalina.startup.HostConfig.deployWAR Deployment of web application archive [/home/diogo/Desktop/Aulas/IES/lab2.1/apache-tomcat-9.0.39/webapps/webapp-javaee7-1.1.war] has finished in [54] ms
27-Oct-2020 12:00:00.144 INFO [main] org.apache.catalina.core.StandardServer.await A valid shutdown command was received via the shutdown port. Stopping the Server instance.
27-Oct-2020 12:00:00.145 INFO [main] org.apache.coyote.AbstractProtocol.pause Pausing ProtocolHandler ["http-nio-8080"]
27-Oct-2020 12:00:00.148 INFO [main] org.apache.catalina.core.StandardService.stopInternal Stopping service [Catalina]
27-Oct-2020 12:00:00.177 INFO [main] org.apache.coyote.AbstractProtocol.stop Stopping ProtocolHandler ["http-nio-8080"]
27-Oct-2020 12:00:00.201 INFO [main] org.apache.coyote.AbstractProtocol.destroy Destroying ProtocolHandler ["http-nio-8080"]
27-Oct-2020 18:23:31.351 INFO [main] org.apache.catalina.startup.VersionLoggerListener.log Server version name:   Apache Tomcat/9.0.39
27-Oct-2020 18:23:31.355 INFO [main] org.apache.catalina.startup.VersionLoggerListener.log Server built:          Oct 6 2020 14:11:46 UTC
27-Oct-2020 18:23:31.355 INFO [main] org.apache.catalina.startup.VersionLoggerListener.log Server version number: 9.0.39.0
27-Oct-2020 18:23:31.355 INFO [main] org.apache.catalina.startup.VersionLoggerListener.log OS Name:               Linux
27-Oct-2020 18:23:31.355 INFO [main] org.apache.catalina.startup.VersionLoggerListener.log OS Version:            5.4.0-52-generic
27-Oct-2020 18:23:31.355 INFO [main] org.apache.catalina.startup.VersionLoggerListener.log Architecture:          amd64
27-Oct-2020 18:23:31.355 INFO [main] org.apache.catalina.startup.VersionLoggerListener.log Java Home:             /usr/lib/jvm/java-14-openjdk-amd64
27-Oct-2020 18:23:31.355 INFO [main] org.apache.catalina.startup.VersionLoggerListener.log JVM Version:           14.0.2+12-Ubuntu-120.04
27-Oct-2020 18:23:31.356 INFO [main] org.apache.catalina.startup.VersionLoggerListener.log JVM Vendor:            Private Build
27-Oct-2020 18:23:31.356 INFO [main] org.apache.catalina.startup.VersionLoggerListener.log CATALINA_BASE:         /home/diogo/Desktop/Aulas/IES/lab2.1/apache-tomcat-9.0.39
27-Oct-2020 18:23:31.356 INFO [main] org.apache.catalina.startup.VersionLoggerListener.log CATALINA_HOME:         /home/diogo/Desktop/Aulas/IES/lab2.1/apache-tomcat-9.0.39
27-Oct-2020 18:23:31.373 INFO [main] org.apache.catalina.startup.VersionLoggerListener.log Command line argument: --add-opens=java.base/java.lang=ALL-UNNAMED
27-Oct-2020 18:23:31.373 INFO [main] org.apache.catalina.startup.VersionLoggerListener.log Command line argument: --add-opens=java.base/java.io=ALL-UNNAMED
27-Oct-2020 18:23:31.373 INFO [main] org.apache.catalina.startup.VersionLoggerListener.log Command line argument: --add-opens=java.rmi/sun.rmi.transport=ALL-UNNAMED
27-Oct-2020 18:23:31.374 INFO [main] org.apache.catalina.startup.VersionLoggerListener.log Command line argument: -Djava.util.logging.config.file=/home/diogo/Desktop/Aulas/IES/lab2.1/apache-tomcat-9.0.39/conf/logging.properties
27-Oct-2020 18:23:31.374 INFO [main] org.apache.catalina.startup.VersionLoggerListener.log Command line argument: -Djava.util.logging.manager=org.apache.juli.ClassLoaderLogManager
27-Oct-2020 18:23:31.374 INFO [main] org.apache.catalina.startup.VersionLoggerListener.log Command line argument: -Djdk.tls.ephemeralDHKeySize=2048
27-Oct-2020 18:23:31.374 INFO [main] org.apache.catalina.startup.VersionLoggerListener.log Command line argument: -Djava.protocol.handler.pkgs=org.apache.catalina.webresources
27-Oct-2020 18:23:31.375 INFO [main] org.apache.catalina.startup.VersionLoggerListener.log Command line argument: -Dorg.apache.catalina.security.SecurityListener.UMASK=0027
27-Oct-2020 18:23:31.375 INFO [main] org.apache.catalina.startup.VersionLoggerListener.log Command line argument: -Dignore.endorsed.dirs=
27-Oct-2020 18:23:31.375 INFO [main] org.apache.catalina.startup.VersionLoggerListener.log Command line argument: -Dcatalina.base=/home/diogo/Desktop/Aulas/IES/lab2.1/apache-tomcat-9.0.39
27-Oct-2020 18:23:31.375 INFO [main] org.apache.catalina.startup.VersionLoggerListener.log Command line argument: -Dcatalina.home=/home/diogo/Desktop/Aulas/IES/lab2.1/apache-tomcat-9.0.39
27-Oct-2020 18:23:31.375 INFO [main] org.apache.catalina.startup.VersionLoggerListener.log Command line argument: -Djava.io.tmpdir=/home/diogo/Desktop/Aulas/IES/lab2.1/apache-tomcat-9.0.39/temp
27-Oct-2020 18:23:31.376 INFO [main] org.apache.catalina.core.AprLifecycleListener.lifecycleEvent The Apache Tomcat Native library which allows using OpenSSL was not found on the java.library.path: [/usr/java/packages/lib:/usr/lib/x86_64-linux-gnu/jni:/lib/x86_64-linux-gnu:/usr/lib/x86_64-linux-gnu:/usr/lib/jni:/lib:/usr/lib]
27-Oct-2020 18:23:31.678 INFO [main] org.apache.coyote.AbstractProtocol.init Initializing ProtocolHandler ["http-nio-8080"]
27-Oct-2020 18:23:31.693 SEVERE [main] org.apache.catalina.util.LifecycleBase.handleSubClassException Failed to initialize component [Connector[HTTP/1.1-8080]]
	org.apache.catalina.LifecycleException: Protocol handler initialization failed
		at org.apache.catalina.connector.Connector.initInternal(Connector.java:1042)
		at org.apache.catalina.util.LifecycleBase.init(LifecycleBase.java:136)
		at org.apache.catalina.core.StandardService.initInternal(StandardService.java:533)
		at org.apache.catalina.util.LifecycleBase.init(LifecycleBase.java:136)
		at org.apache.catalina.core.StandardServer.initInternal(StandardServer.java:1057)
		at org.apache.catalina.util.LifecycleBase.init(LifecycleBase.java:136)
		at org.apache.catalina.startup.Catalina.load(Catalina.java:724)
		at org.apache.catalina.startup.Catalina.load(Catalina.java:746)
		at java.base/jdk.internal.reflect.NativeMethodAccessorImpl.invoke0(Native Method)
		at java.base/jdk.internal.reflect.NativeMethodAccessorImpl.invoke(NativeMethodAccessorImpl.java:62)
		at java.base/jdk.internal.reflect.DelegatingMethodAccessorImpl.invoke(DelegatingMethodAccessorImpl.java:43)
		at java.base/java.lang.reflect.Method.invoke(Method.java:564)
		at org.apache.catalina.startup.Bootstrap.load(Bootstrap.java:302)
		at org.apache.catalina.startup.Bootstrap.main(Bootstrap.java:472)
	Caused by: java.net.BindException: Address already in use
		at java.base/sun.nio.ch.Net.bind0(Native Method)
		at java.base/sun.nio.ch.Net.bind(Net.java:479)
		at java.base/sun.nio.ch.Net.bind(Net.java:468)
		at java.base/sun.nio.ch.ServerSocketChannelImpl.bind(ServerSocketChannelImpl.java:220)
		at java.base/sun.nio.ch.ServerSocketAdaptor.bind(ServerSocketAdaptor.java:88)
		at org.apache.tomcat.util.net.NioEndpoint.initServerSocket(NioEndpoint.java:228)
		at org.apache.tomcat.util.net.NioEndpoint.bind(NioEndpoint.java:211)
		at org.apache.tomcat.util.net.AbstractEndpoint.bindWithCleanup(AbstractEndpoint.java:1141)
		at org.apache.tomcat.util.net.AbstractEndpoint.init(AbstractEndpoint.java:1154)
		at org.apache.coyote.AbstractProtocol.init(AbstractProtocol.java:581)
		at org.apache.coyote.http11.AbstractHttp11Protocol.init(AbstractHttp11Protocol.java:75)
		at org.apache.catalina.connector.Connector.initInternal(Connector.java:1039)
		... 13 more
27-Oct-2020 18:23:31.694 INFO [main] org.apache.catalina.startup.Catalina.load Server initialization in [512] milliseconds
27-Oct-2020 18:23:31.732 INFO [main] org.apache.catalina.core.StandardService.startInternal Starting service [Catalina]
27-Oct-2020 18:23:31.733 INFO [main] org.apache.catalina.core.StandardEngine.startInternal Starting Servlet engine: [Apache Tomcat/9.0.39]
27-Oct-2020 18:23:31.746 INFO [main] org.apache.catalina.startup.HostConfig.deployWAR Deploying web application archive [/home/diogo/Desktop/Aulas/IES/lab2.1/apache-tomcat-9.0.39/webapps/webapp-javaee7-1.1.war]
27-Oct-2020 18:23:31.989 INFO [main] org.apache.catalina.startup.HostConfig.deployWAR Deployment of web application archive [/home/diogo/Desktop/Aulas/IES/lab2.1/apache-tomcat-9.0.39/webapps/webapp-javaee7-1.1.war] has finished in [242] ms
27-Oct-2020 18:23:31.990 INFO [main] org.apache.catalina.startup.HostConfig.deployDirectory Deploying web application directory [/home/diogo/Desktop/Aulas/IES/lab2.1/apache-tomcat-9.0.39/webapps/manager]
27-Oct-2020 18:23:32.050 INFO [main] org.apache.catalina.startup.HostConfig.deployDirectory Deployment of web application directory [/home/diogo/Desktop/Aulas/IES/lab2.1/apache-tomcat-9.0.39/webapps/manager] has finished in [60] ms
27-Oct-2020 18:23:32.050 INFO [main] org.apache.catalina.startup.HostConfig.deployDirectory Deploying web application directory [/home/diogo/Desktop/Aulas/IES/lab2.1/apache-tomcat-9.0.39/webapps/examples]
27-Oct-2020 18:23:32.359 INFO [main] org.apache.catalina.startup.HostConfig.deployDirectory Deployment of web application directory [/home/diogo/Desktop/Aulas/IES/lab2.1/apache-tomcat-9.0.39/webapps/examples] has finished in [309] ms
27-Oct-2020 18:23:32.359 INFO [main] org.apache.catalina.startup.HostConfig.deployDirectory Deploying web application directory [/home/diogo/Desktop/Aulas/IES/lab2.1/apache-tomcat-9.0.39/webapps/ROOT]
27-Oct-2020 18:23:32.380 INFO [main] org.apache.catalina.startup.HostConfig.deployDirectory Deployment of web application directory [/home/diogo/Desktop/Aulas/IES/lab2.1/apache-tomcat-9.0.39/webapps/ROOT] has finished in [20] ms
27-Oct-2020 18:23:32.380 INFO [main] org.apache.catalina.startup.HostConfig.deployDirectory Deploying web application directory [/home/diogo/Desktop/Aulas/IES/lab2.1/apache-tomcat-9.0.39/webapps/docs]
27-Oct-2020 18:23:32.398 INFO [main] org.apache.catalina.startup.HostConfig.deployDirectory Deployment of web application directory [/home/diogo/Desktop/Aulas/IES/lab2.1/apache-tomcat-9.0.39/webapps/docs] has finished in [18] ms
27-Oct-2020 18:23:32.398 INFO [main] org.apache.catalina.startup.HostConfig.deployDirectory Deploying web application directory [/home/diogo/Desktop/Aulas/IES/lab2.1/apache-tomcat-9.0.39/webapps/host-manager]
27-Oct-2020 18:23:32.426 INFO [main] org.apache.catalina.startup.HostConfig.deployDirectory Deployment of web application directory [/home/diogo/Desktop/Aulas/IES/lab2.1/apache-tomcat-9.0.39/webapps/host-manager] has finished in [27] ms
27-Oct-2020 18:23:32.431 INFO [main] org.apache.catalina.startup.Catalina.start Server startup in [736] milliseconds
27-Oct-2020 18:23:32.435 SEVERE [main] org.apache.catalina.core.StandardServer.await Failed to create server shutdown socket on address [localhost] and port [8005] (base port [8005] and offset [0])
	java.net.BindException: Address already in use
		at java.base/sun.nio.ch.Net.bind0(Native Method)
		at java.base/sun.nio.ch.Net.bind(Net.java:479)
		at java.base/sun.nio.ch.Net.bind(Net.java:468)
		at java.base/sun.nio.ch.NioSocketImpl.bind(NioSocketImpl.java:643)
		at java.base/java.net.ServerSocket.bind(ServerSocket.java:396)
		at java.base/java.net.ServerSocket.<init>(ServerSocket.java:282)
		at org.apache.catalina.core.StandardServer.await(StandardServer.java:584)
		at org.apache.catalina.startup.Catalina.await(Catalina.java:864)
		at org.apache.catalina.startup.Catalina.start(Catalina.java:810)
		at java.base/jdk.internal.reflect.NativeMethodAccessorImpl.invoke0(Native Method)
		at java.base/jdk.internal.reflect.NativeMethodAccessorImpl.invoke(NativeMethodAccessorImpl.java:62)
		at java.base/jdk.internal.reflect.DelegatingMethodAccessorImpl.invoke(DelegatingMethodAccessorImpl.java:43)
		at java.base/java.lang.reflect.Method.invoke(Method.java:564)
		at org.apache.catalina.startup.Bootstrap.start(Bootstrap.java:342)
		at org.apache.catalina.startup.Bootstrap.main(Bootstrap.java:473)
27-Oct-2020 18:23:32.435 INFO [main] org.apache.coyote.AbstractProtocol.pause Pausing ProtocolHandler ["http-nio-8080"]
27-Oct-2020 18:23:32.435 INFO [main] org.apache.catalina.core.StandardService.stopInternal Stopping service [Catalina]
27-Oct-2020 18:23:32.465 INFO [main] org.apache.coyote.AbstractProtocol.stop Stopping ProtocolHandler ["http-nio-8080"]
27-Oct-2020 18:23:32.465 INFO [main] org.apache.coyote.AbstractProtocol.destroy Destroying ProtocolHandler ["http-nio-8080"]
27-Oct-2020 18:24:06.336 INFO [main] org.apache.catalina.startup.VersionLoggerListener.log Server version name:   Apache Tomcat/9.0.39
27-Oct-2020 18:24:06.339 INFO [main] org.apache.catalina.startup.VersionLoggerListener.log Server built:          Oct 6 2020 14:11:46 UTC
27-Oct-2020 18:24:06.339 INFO [main] org.apache.catalina.startup.VersionLoggerListener.log Server version number: 9.0.39.0
27-Oct-2020 18:24:06.340 INFO [main] org.apache.catalina.startup.VersionLoggerListener.log OS Name:               Linux
27-Oct-2020 18:24:06.340 INFO [main] org.apache.catalina.startup.VersionLoggerListener.log OS Version:            5.4.0-52-generic
27-Oct-2020 18:24:06.340 INFO [main] org.apache.catalina.startup.VersionLoggerListener.log Architecture:          amd64
27-Oct-2020 18:24:06.340 INFO [main] org.apache.catalina.startup.VersionLoggerListener.log Java Home:             /usr/lib/jvm/java-14-openjdk-amd64
27-Oct-2020 18:24:06.340 INFO [main] org.apache.catalina.startup.VersionLoggerListener.log JVM Version:           14.0.2+12-Ubuntu-120.04
27-Oct-2020 18:24:06.340 INFO [main] org.apache.catalina.startup.VersionLoggerListener.log JVM Vendor:            Private Build
27-Oct-2020 18:24:06.340 INFO [main] org.apache.catalina.startup.VersionLoggerListener.log CATALINA_BASE:         /home/diogo/Desktop/Aulas/IES/lab2.1/apache-tomcat-9.0.39
27-Oct-2020 18:24:06.340 INFO [main] org.apache.catalina.startup.VersionLoggerListener.log CATALINA_HOME:         /home/diogo/Desktop/Aulas/IES/lab2.1/apache-tomcat-9.0.39
27-Oct-2020 18:24:06.352 INFO [main] org.apache.catalina.startup.VersionLoggerListener.log Command line argument: --add-opens=java.base/java.lang=ALL-UNNAMED
27-Oct-2020 18:24:06.352 INFO [main] org.apache.catalina.startup.VersionLoggerListener.log Command line argument: --add-opens=java.base/java.io=ALL-UNNAMED
27-Oct-2020 18:24:06.353 INFO [main] org.apache.catalina.startup.VersionLoggerListener.log Command line argument: --add-opens=java.rmi/sun.rmi.transport=ALL-UNNAMED
27-Oct-2020 18:24:06.353 INFO [main] org.apache.catalina.startup.VersionLoggerListener.log Command line argument: -Djava.util.logging.config.file=/home/diogo/Desktop/Aulas/IES/lab2.1/apache-tomcat-9.0.39/conf/logging.properties
27-Oct-2020 18:24:06.353 INFO [main] org.apache.catalina.startup.VersionLoggerListener.log Command line argument: -Djava.util.logging.manager=org.apache.juli.ClassLoaderLogManager
27-Oct-2020 18:24:06.353 INFO [main] org.apache.catalina.startup.VersionLoggerListener.log Command line argument: -Djdk.tls.ephemeralDHKeySize=2048
27-Oct-2020 18:24:06.353 INFO [main] org.apache.catalina.startup.VersionLoggerListener.log Command line argument: -Djava.protocol.handler.pkgs=org.apache.catalina.webresources
27-Oct-2020 18:24:06.353 INFO [main] org.apache.catalina.startup.VersionLoggerListener.log Command line argument: -Dorg.apache.catalina.security.SecurityListener.UMASK=0027
27-Oct-2020 18:24:06.353 INFO [main] org.apache.catalina.startup.VersionLoggerListener.log Command line argument: -Dignore.endorsed.dirs=
27-Oct-2020 18:24:06.353 INFO [main] org.apache.catalina.startup.VersionLoggerListener.log Command line argument: -Dcatalina.base=/home/diogo/Desktop/Aulas/IES/lab2.1/apache-tomcat-9.0.39
27-Oct-2020 18:24:06.353 INFO [main] org.apache.catalina.startup.VersionLoggerListener.log Command line argument: -Dcatalina.home=/home/diogo/Desktop/Aulas/IES/lab2.1/apache-tomcat-9.0.39
27-Oct-2020 18:24:06.354 INFO [main] org.apache.catalina.startup.VersionLoggerListener.log Command line argument: -Djava.io.tmpdir=/home/diogo/Desktop/Aulas/IES/lab2.1/apache-tomcat-9.0.39/temp
27-Oct-2020 18:24:06.355 INFO [main] org.apache.catalina.core.AprLifecycleListener.lifecycleEvent The Apache Tomcat Native library which allows using OpenSSL was not found on the java.library.path: [/usr/java/packages/lib:/usr/lib/x86_64-linux-gnu/jni:/lib/x86_64-linux-gnu:/usr/lib/x86_64-linux-gnu:/usr/lib/jni:/lib:/usr/lib]
27-Oct-2020 18:24:06.645 INFO [main] org.apache.coyote.AbstractProtocol.init Initializing ProtocolHandler ["http-nio-8080"]
27-Oct-2020 18:24:06.678 INFO [main] org.apache.catalina.startup.Catalina.load Server initialization in [513] milliseconds
27-Oct-2020 18:24:06.733 INFO [main] org.apache.catalina.core.StandardService.startInternal Starting service [Catalina]
27-Oct-2020 18:24:06.734 INFO [main] org.apache.catalina.core.StandardEngine.startInternal Starting Servlet engine: [Apache Tomcat/9.0.39]
27-Oct-2020 18:24:06.748 INFO [main] org.apache.catalina.startup.HostConfig.deployWAR Deploying web application archive [/home/diogo/Desktop/Aulas/IES/lab2.1/apache-tomcat-9.0.39/webapps/webapp-javaee7-1.1.war]
27-Oct-2020 18:24:07.027 INFO [main] org.apache.catalina.startup.HostConfig.deployWAR Deployment of web application archive [/home/diogo/Desktop/Aulas/IES/lab2.1/apache-tomcat-9.0.39/webapps/webapp-javaee7-1.1.war] has finished in [278] ms
27-Oct-2020 18:24:07.028 INFO [main] org.apache.catalina.startup.HostConfig.deployDirectory Deploying web application directory [/home/diogo/Desktop/Aulas/IES/lab2.1/apache-tomcat-9.0.39/webapps/manager]
27-Oct-2020 18:24:07.087 INFO [main] org.apache.catalina.startup.HostConfig.deployDirectory Deployment of web application directory [/home/diogo/Desktop/Aulas/IES/lab2.1/apache-tomcat-9.0.39/webapps/manager] has finished in [58] ms
27-Oct-2020 18:24:07.087 INFO [main] org.apache.catalina.startup.HostConfig.deployDirectory Deploying web application directory [/home/diogo/Desktop/Aulas/IES/lab2.1/apache-tomcat-9.0.39/webapps/examples]
27-Oct-2020 18:24:07.326 INFO [main] org.apache.catalina.startup.HostConfig.deployDirectory Deployment of web application directory [/home/diogo/Desktop/Aulas/IES/lab2.1/apache-tomcat-9.0.39/webapps/examples] has finished in [239] ms
27-Oct-2020 18:24:07.326 INFO [main] org.apache.catalina.startup.HostConfig.deployDirectory Deploying web application directory [/home/diogo/Desktop/Aulas/IES/lab2.1/apache-tomcat-9.0.39/webapps/ROOT]
27-Oct-2020 18:24:07.343 INFO [main] org.apache.catalina.startup.HostConfig.deployDirectory Deployment of web application directory [/home/diogo/Desktop/Aulas/IES/lab2.1/apache-tomcat-9.0.39/webapps/ROOT] has finished in [17] ms
27-Oct-2020 18:24:07.343 INFO [main] org.apache.catalina.startup.HostConfig.deployDirectory Deploying web application directory [/home/diogo/Desktop/Aulas/IES/lab2.1/apache-tomcat-9.0.39/webapps/docs]
27-Oct-2020 18:24:07.361 INFO [main] org.apache.catalina.startup.HostConfig.deployDirectory Deployment of web application directory [/home/diogo/Desktop/Aulas/IES/lab2.1/apache-tomcat-9.0.39/webapps/docs] has finished in [17] ms
27-Oct-2020 18:24:07.361 INFO [main] org.apache.catalina.startup.HostConfig.deployDirectory Deploying web application directory [/home/diogo/Desktop/Aulas/IES/lab2.1/apache-tomcat-9.0.39/webapps/host-manager]
27-Oct-2020 18:24:07.381 INFO [main] org.apache.catalina.startup.HostConfig.deployDirectory Deployment of web application directory [/home/diogo/Desktop/Aulas/IES/lab2.1/apache-tomcat-9.0.39/webapps/host-manager] has finished in [20] ms
27-Oct-2020 18:24:07.385 INFO [main] org.apache.coyote.AbstractProtocol.start Starting ProtocolHandler ["http-nio-8080"]
27-Oct-2020 18:24:07.396 INFO [main] org.apache.catalina.startup.Catalina.start Server startup in [717] milliseconds
27-Oct-2020 19:10:54.053 INFO [main] org.apache.catalina.core.StandardServer.await A valid shutdown command was received via the shutdown port. Stopping the Server instance.
27-Oct-2020 19:10:54.054 INFO [main] org.apache.coyote.AbstractProtocol.pause Pausing ProtocolHandler ["http-nio-8080"]
27-Oct-2020 19:10:54.058 INFO [main] org.apache.catalina.core.StandardService.stopInternal Stopping service [Catalina]
27-Oct-2020 19:10:54.093 INFO [main] org.apache.coyote.AbstractProtocol.stop Stopping ProtocolHandler ["http-nio-8080"]
27-Oct-2020 19:10:54.110 INFO [main] org.apache.coyote.AbstractProtocol.destroy Destroying ProtocolHandler ["http-nio-8080"]
