NOTE: Picked up JDK_JAVA_OPTIONS:  --add-opens=java.base/java.lang=ALL-UNNAMED --add-opens=java.base/java.io=ALL-UNNAMED --add-opens=java.rmi/sun.rmi.transport=ALL-UNNAMED
20-Oct-2020 11:35:36.286 INFO [main] org.apache.catalina.startup.VersionLoggerListener.log Server version name:   Apache Tomcat/9.0.39
20-Oct-2020 11:35:36.292 INFO [main] org.apache.catalina.startup.VersionLoggerListener.log Server built:          Oct 6 2020 14:11:46 UTC
20-Oct-2020 11:35:36.293 INFO [main] org.apache.catalina.startup.VersionLoggerListener.log Server version number: 9.0.39.0
20-Oct-2020 11:35:36.293 INFO [main] org.apache.catalina.startup.VersionLoggerListener.log OS Name:               Linux
20-Oct-2020 11:35:36.293 INFO [main] org.apache.catalina.startup.VersionLoggerListener.log OS Version:            5.4.0-51-generic
20-Oct-2020 11:35:36.293 INFO [main] org.apache.catalina.startup.VersionLoggerListener.log Architecture:          amd64
20-Oct-2020 11:35:36.293 INFO [main] org.apache.catalina.startup.VersionLoggerListener.log Java Home:             /usr/lib/jvm/java-14-openjdk-amd64
20-Oct-2020 11:35:36.294 INFO [main] org.apache.catalina.startup.VersionLoggerListener.log JVM Version:           14.0.1+7-Ubuntu-1ubuntu1
20-Oct-2020 11:35:36.294 INFO [main] org.apache.catalina.startup.VersionLoggerListener.log JVM Vendor:            Private Build
20-Oct-2020 11:35:36.294 INFO [main] org.apache.catalina.startup.VersionLoggerListener.log CATALINA_BASE:         /home/diogo/Desktop/Aulas/IES/lab2.1/apache-tomcat-9.0.39
20-Oct-2020 11:35:36.294 INFO [main] org.apache.catalina.startup.VersionLoggerListener.log CATALINA_HOME:         /home/diogo/Desktop/Aulas/IES/lab2.1/apache-tomcat-9.0.39
20-Oct-2020 11:35:36.327 INFO [main] org.apache.catalina.startup.VersionLoggerListener.log Command line argument: --add-opens=java.base/java.lang=ALL-UNNAMED
20-Oct-2020 11:35:36.328 INFO [main] org.apache.catalina.startup.VersionLoggerListener.log Command line argument: --add-opens=java.base/java.io=ALL-UNNAMED
20-Oct-2020 11:35:36.328 INFO [main] org.apache.catalina.startup.VersionLoggerListener.log Command line argument: --add-opens=java.rmi/sun.rmi.transport=ALL-UNNAMED
20-Oct-2020 11:35:36.328 INFO [main] org.apache.catalina.startup.VersionLoggerListener.log Command line argument: -Djava.util.logging.config.file=/home/diogo/Desktop/Aulas/IES/lab2.1/apache-tomcat-9.0.39/conf/logging.properties
20-Oct-2020 11:35:36.329 INFO [main] org.apache.catalina.startup.VersionLoggerListener.log Command line argument: -Djava.util.logging.manager=org.apache.juli.ClassLoaderLogManager
20-Oct-2020 11:35:36.329 INFO [main] org.apache.catalina.startup.VersionLoggerListener.log Command line argument: -Djdk.tls.ephemeralDHKeySize=2048
20-Oct-2020 11:35:36.329 INFO [main] org.apache.catalina.startup.VersionLoggerListener.log Command line argument: -Djava.protocol.handler.pkgs=org.apache.catalina.webresources
20-Oct-2020 11:35:36.329 INFO [main] org.apache.catalina.startup.VersionLoggerListener.log Command line argument: -Dorg.apache.catalina.security.SecurityListener.UMASK=0027
20-Oct-2020 11:35:36.329 INFO [main] org.apache.catalina.startup.VersionLoggerListener.log Command line argument: -Dignore.endorsed.dirs=
20-Oct-2020 11:35:36.330 INFO [main] org.apache.catalina.startup.VersionLoggerListener.log Command line argument: -Dcatalina.base=/home/diogo/Desktop/Aulas/IES/lab2.1/apache-tomcat-9.0.39
20-Oct-2020 11:35:36.330 INFO [main] org.apache.catalina.startup.VersionLoggerListener.log Command line argument: -Dcatalina.home=/home/diogo/Desktop/Aulas/IES/lab2.1/apache-tomcat-9.0.39
20-Oct-2020 11:35:36.330 INFO [main] org.apache.catalina.startup.VersionLoggerListener.log Command line argument: -Djava.io.tmpdir=/home/diogo/Desktop/Aulas/IES/lab2.1/apache-tomcat-9.0.39/temp
20-Oct-2020 11:35:36.337 INFO [main] org.apache.catalina.core.AprLifecycleListener.lifecycleEvent The Apache Tomcat Native library which allows using OpenSSL was not found on the java.library.path: [/usr/java/packages/lib:/usr/lib/x86_64-linux-gnu/jni:/lib/x86_64-linux-gnu:/usr/lib/x86_64-linux-gnu:/usr/lib/jni:/lib:/usr/lib]
20-Oct-2020 11:35:36.880 INFO [main] org.apache.coyote.AbstractProtocol.init Initializing ProtocolHandler ["http-nio-8080"]
20-Oct-2020 11:35:36.939 INFO [main] org.apache.catalina.startup.Catalina.load Server initialization in [1028] milliseconds
20-Oct-2020 11:35:37.031 INFO [main] org.apache.catalina.core.StandardService.startInternal Starting service [Catalina]
20-Oct-2020 11:35:37.032 INFO [main] org.apache.catalina.core.StandardEngine.startInternal Starting Servlet engine: [Apache Tomcat/9.0.39]
20-Oct-2020 11:35:37.045 INFO [main] org.apache.catalina.startup.HostConfig.deployDirectory Deploying web application directory [/home/diogo/Desktop/Aulas/IES/lab2.1/apache-tomcat-9.0.39/webapps/manager]
20-Oct-2020 11:35:37.559 INFO [main] org.apache.catalina.startup.HostConfig.deployDirectory Deployment of web application directory [/home/diogo/Desktop/Aulas/IES/lab2.1/apache-tomcat-9.0.39/webapps/manager] has finished in [513] ms
20-Oct-2020 11:35:37.560 INFO [main] org.apache.catalina.startup.HostConfig.deployDirectory Deploying web application directory [/home/diogo/Desktop/Aulas/IES/lab2.1/apache-tomcat-9.0.39/webapps/examples]
20-Oct-2020 11:35:38.083 INFO [main] org.apache.catalina.startup.HostConfig.deployDirectory Deployment of web application directory [/home/diogo/Desktop/Aulas/IES/lab2.1/apache-tomcat-9.0.39/webapps/examples] has finished in [522] ms
20-Oct-2020 11:35:38.084 INFO [main] org.apache.catalina.startup.HostConfig.deployDirectory Deploying web application directory [/home/diogo/Desktop/Aulas/IES/lab2.1/apache-tomcat-9.0.39/webapps/ROOT]
20-Oct-2020 11:35:38.132 INFO [main] org.apache.catalina.startup.HostConfig.deployDirectory Deployment of web application directory [/home/diogo/Desktop/Aulas/IES/lab2.1/apache-tomcat-9.0.39/webapps/ROOT] has finished in [48] ms
20-Oct-2020 11:35:38.132 INFO [main] org.apache.catalina.startup.HostConfig.deployDirectory Deploying web application directory [/home/diogo/Desktop/Aulas/IES/lab2.1/apache-tomcat-9.0.39/webapps/docs]
20-Oct-2020 11:35:38.174 INFO [main] org.apache.catalina.startup.HostConfig.deployDirectory Deployment of web application directory [/home/diogo/Desktop/Aulas/IES/lab2.1/apache-tomcat-9.0.39/webapps/docs] has finished in [41] ms
20-Oct-2020 11:35:38.174 INFO [main] org.apache.catalina.startup.HostConfig.deployDirectory Deploying web application directory [/home/diogo/Desktop/Aulas/IES/lab2.1/apache-tomcat-9.0.39/webapps/host-manager]
20-Oct-2020 11:35:38.217 INFO [main] org.apache.catalina.startup.HostConfig.deployDirectory Deployment of web application directory [/home/diogo/Desktop/Aulas/IES/lab2.1/apache-tomcat-9.0.39/webapps/host-manager] has finished in [43] ms
20-Oct-2020 11:35:38.225 INFO [main] org.apache.coyote.AbstractProtocol.start Starting ProtocolHandler ["http-nio-8080"]
20-Oct-2020 11:35:38.242 INFO [main] org.apache.catalina.startup.Catalina.start Server startup in [1301] milliseconds
NOTE: Picked up JDK_JAVA_OPTIONS:  --add-opens=java.base/java.lang=ALL-UNNAMED --add-opens=java.base/java.io=ALL-UNNAMED --add-opens=java.rmi/sun.rmi.transport=ALL-UNNAMED
20-Oct-2020 11:35:54.651 INFO [main] org.apache.catalina.startup.VersionLoggerListener.log Server version name:   Apache Tomcat/9.0.39
20-Oct-2020 11:35:54.657 INFO [main] org.apache.catalina.startup.VersionLoggerListener.log Server built:          Oct 6 2020 14:11:46 UTC
20-Oct-2020 11:35:54.657 INFO [main] org.apache.catalina.startup.VersionLoggerListener.log Server version number: 9.0.39.0
20-Oct-2020 11:35:54.657 INFO [main] org.apache.catalina.startup.VersionLoggerListener.log OS Name:               Linux
20-Oct-2020 11:35:54.657 INFO [main] org.apache.catalina.startup.VersionLoggerListener.log OS Version:            5.4.0-51-generic
20-Oct-2020 11:35:54.658 INFO [main] org.apache.catalina.startup.VersionLoggerListener.log Architecture:          amd64
20-Oct-2020 11:35:54.658 INFO [main] org.apache.catalina.startup.VersionLoggerListener.log Java Home:             /usr/lib/jvm/java-14-openjdk-amd64
20-Oct-2020 11:35:54.658 INFO [main] org.apache.catalina.startup.VersionLoggerListener.log JVM Version:           14.0.1+7-Ubuntu-1ubuntu1
20-Oct-2020 11:35:54.658 INFO [main] org.apache.catalina.startup.VersionLoggerListener.log JVM Vendor:            Private Build
20-Oct-2020 11:35:54.659 INFO [main] org.apache.catalina.startup.VersionLoggerListener.log CATALINA_BASE:         /home/diogo/Desktop/Aulas/IES/lab2.1/apache-tomcat-9.0.39
20-Oct-2020 11:35:54.659 INFO [main] org.apache.catalina.startup.VersionLoggerListener.log CATALINA_HOME:         /home/diogo/Desktop/Aulas/IES/lab2.1/apache-tomcat-9.0.39
20-Oct-2020 11:35:54.684 INFO [main] org.apache.catalina.startup.VersionLoggerListener.log Command line argument: --add-opens=java.base/java.lang=ALL-UNNAMED
20-Oct-2020 11:35:54.685 INFO [main] org.apache.catalina.startup.VersionLoggerListener.log Command line argument: --add-opens=java.base/java.io=ALL-UNNAMED
20-Oct-2020 11:35:54.685 INFO [main] org.apache.catalina.startup.VersionLoggerListener.log Command line argument: --add-opens=java.rmi/sun.rmi.transport=ALL-UNNAMED
20-Oct-2020 11:35:54.685 INFO [main] org.apache.catalina.startup.VersionLoggerListener.log Command line argument: -Djava.util.logging.config.file=/home/diogo/Desktop/Aulas/IES/lab2.1/apache-tomcat-9.0.39/conf/logging.properties
20-Oct-2020 11:35:54.685 INFO [main] org.apache.catalina.startup.VersionLoggerListener.log Command line argument: -Djava.util.logging.manager=org.apache.juli.ClassLoaderLogManager
20-Oct-2020 11:35:54.686 INFO [main] org.apache.catalina.startup.VersionLoggerListener.log Command line argument: -Djdk.tls.ephemeralDHKeySize=2048
20-Oct-2020 11:35:54.686 INFO [main] org.apache.catalina.startup.VersionLoggerListener.log Command line argument: -Djava.protocol.handler.pkgs=org.apache.catalina.webresources
20-Oct-2020 11:35:54.686 INFO [main] org.apache.catalina.startup.VersionLoggerListener.log Command line argument: -Dorg.apache.catalina.security.SecurityListener.UMASK=0027
20-Oct-2020 11:35:54.686 INFO [main] org.apache.catalina.startup.VersionLoggerListener.log Command line argument: -Dignore.endorsed.dirs=
20-Oct-2020 11:35:54.686 INFO [main] org.apache.catalina.startup.VersionLoggerListener.log Command line argument: -Dcatalina.base=/home/diogo/Desktop/Aulas/IES/lab2.1/apache-tomcat-9.0.39
20-Oct-2020 11:35:54.686 INFO [main] org.apache.catalina.startup.VersionLoggerListener.log Command line argument: -Dcatalina.home=/home/diogo/Desktop/Aulas/IES/lab2.1/apache-tomcat-9.0.39
20-Oct-2020 11:35:54.686 INFO [main] org.apache.catalina.startup.VersionLoggerListener.log Command line argument: -Djava.io.tmpdir=/home/diogo/Desktop/Aulas/IES/lab2.1/apache-tomcat-9.0.39/temp
20-Oct-2020 11:35:54.688 INFO [main] org.apache.catalina.core.AprLifecycleListener.lifecycleEvent The Apache Tomcat Native library which allows using OpenSSL was not found on the java.library.path: [/usr/java/packages/lib:/usr/lib/x86_64-linux-gnu/jni:/lib/x86_64-linux-gnu:/usr/lib/x86_64-linux-gnu:/usr/lib/jni:/lib:/usr/lib]
20-Oct-2020 11:35:55.225 INFO [main] org.apache.coyote.AbstractProtocol.init Initializing ProtocolHandler ["http-nio-8080"]
20-Oct-2020 11:35:55.259 SEVERE [main] org.apache.catalina.util.LifecycleBase.handleSubClassException Failed to initialize component [Connector[HTTP/1.1-8080]]
	org.apache.catalina.LifecycleException: Protocol handler initialization failed
		at org.apache.catalina.connector.Connector.initInternal(Connector.java:1042)
		at org.apache.catalina.util.LifecycleBase.init(LifecycleBase.java:136)
		at org.apache.catalina.core.StandardService.initInternal(StandardService.java:533)
		at org.apache.catalina.util.LifecycleBase.init(LifecycleBase.java:136)
		at org.apache.catalina.core.StandardServer.initInternal(StandardServer.java:1057)
		at org.apache.catalina.util.LifecycleBase.init(LifecycleBase.java:136)
		at org.apache.catalina.startup.Catalina.load(Catalina.java:724)
		at org.apache.catalina.startup.Catalina.load(Catalina.java:746)
		at java.base/jdk.internal.reflect.NativeMethodAccessorImpl.invoke0(Native Method)
		at java.base/jdk.internal.reflect.NativeMethodAccessorImpl.invoke(NativeMethodAccessorImpl.java:62)
		at java.base/jdk.internal.reflect.DelegatingMethodAccessorImpl.invoke(DelegatingMethodAccessorImpl.java:43)
		at java.base/java.lang.reflect.Method.invoke(Method.java:564)
		at org.apache.catalina.startup.Bootstrap.load(Bootstrap.java:302)
		at org.apache.catalina.startup.Bootstrap.main(Bootstrap.java:472)
	Caused by: java.net.BindException: Address already in use
		at java.base/sun.nio.ch.Net.bind0(Native Method)
		at java.base/sun.nio.ch.Net.bind(Net.java:479)
		at java.base/sun.nio.ch.Net.bind(Net.java:468)
		at java.base/sun.nio.ch.ServerSocketChannelImpl.bind(ServerSocketChannelImpl.java:220)
		at java.base/sun.nio.ch.ServerSocketAdaptor.bind(ServerSocketAdaptor.java:88)
		at org.apache.tomcat.util.net.NioEndpoint.initServerSocket(NioEndpoint.java:228)
		at org.apache.tomcat.util.net.NioEndpoint.bind(NioEndpoint.java:211)
		at org.apache.tomcat.util.net.AbstractEndpoint.bindWithCleanup(AbstractEndpoint.java:1141)
		at org.apache.tomcat.util.net.AbstractEndpoint.init(AbstractEndpoint.java:1154)
		at org.apache.coyote.AbstractProtocol.init(AbstractProtocol.java:581)
		at org.apache.coyote.http11.AbstractHttp11Protocol.init(AbstractHttp11Protocol.java:75)
		at org.apache.catalina.connector.Connector.initInternal(Connector.java:1039)
		... 13 more
20-Oct-2020 11:35:55.262 INFO [main] org.apache.catalina.startup.Catalina.load Server initialization in [937] milliseconds
20-Oct-2020 11:35:55.333 INFO [main] org.apache.catalina.core.StandardService.startInternal Starting service [Catalina]
20-Oct-2020 11:35:55.334 INFO [main] org.apache.catalina.core.StandardEngine.startInternal Starting Servlet engine: [Apache Tomcat/9.0.39]
20-Oct-2020 11:35:55.353 INFO [main] org.apache.catalina.startup.HostConfig.deployDirectory Deploying web application directory [/home/diogo/Desktop/Aulas/IES/lab2.1/apache-tomcat-9.0.39/webapps/manager]
20-Oct-2020 11:35:55.800 INFO [main] org.apache.catalina.startup.HostConfig.deployDirectory Deployment of web application directory [/home/diogo/Desktop/Aulas/IES/lab2.1/apache-tomcat-9.0.39/webapps/manager] has finished in [445] ms
20-Oct-2020 11:35:55.801 INFO [main] org.apache.catalina.startup.HostConfig.deployDirectory Deploying web application directory [/home/diogo/Desktop/Aulas/IES/lab2.1/apache-tomcat-9.0.39/webapps/examples]
20-Oct-2020 11:35:56.360 INFO [main] org.apache.catalina.startup.HostConfig.deployDirectory Deployment of web application directory [/home/diogo/Desktop/Aulas/IES/lab2.1/apache-tomcat-9.0.39/webapps/examples] has finished in [559] ms
20-Oct-2020 11:35:56.361 INFO [main] org.apache.catalina.startup.HostConfig.deployDirectory Deploying web application directory [/home/diogo/Desktop/Aulas/IES/lab2.1/apache-tomcat-9.0.39/webapps/ROOT]
20-Oct-2020 11:35:56.403 INFO [main] org.apache.catalina.startup.HostConfig.deployDirectory Deployment of web application directory [/home/diogo/Desktop/Aulas/IES/lab2.1/apache-tomcat-9.0.39/webapps/ROOT] has finished in [42] ms
20-Oct-2020 11:35:56.403 INFO [main] org.apache.catalina.startup.HostConfig.deployDirectory Deploying web application directory [/home/diogo/Desktop/Aulas/IES/lab2.1/apache-tomcat-9.0.39/webapps/docs]
20-Oct-2020 11:35:56.437 INFO [main] org.apache.catalina.startup.HostConfig.deployDirectory Deployment of web application directory [/home/diogo/Desktop/Aulas/IES/lab2.1/apache-tomcat-9.0.39/webapps/docs] has finished in [34] ms
20-Oct-2020 11:35:56.438 INFO [main] org.apache.catalina.startup.HostConfig.deployDirectory Deploying web application directory [/home/diogo/Desktop/Aulas/IES/lab2.1/apache-tomcat-9.0.39/webapps/host-manager]
20-Oct-2020 11:35:56.473 INFO [main] org.apache.catalina.startup.HostConfig.deployDirectory Deployment of web application directory [/home/diogo/Desktop/Aulas/IES/lab2.1/apache-tomcat-9.0.39/webapps/host-manager] has finished in [35] ms
20-Oct-2020 11:35:56.482 INFO [main] org.apache.catalina.startup.Catalina.start Server startup in [1219] milliseconds
20-Oct-2020 11:35:56.488 SEVERE [main] org.apache.catalina.core.StandardServer.await Failed to create server shutdown socket on address [localhost] and port [8005] (base port [8005] and offset [0])
	java.net.BindException: Address already in use
		at java.base/sun.nio.ch.Net.bind0(Native Method)
		at java.base/sun.nio.ch.Net.bind(Net.java:479)
		at java.base/sun.nio.ch.Net.bind(Net.java:468)
		at java.base/sun.nio.ch.NioSocketImpl.bind(NioSocketImpl.java:643)
		at java.base/java.net.ServerSocket.bind(ServerSocket.java:396)
		at java.base/java.net.ServerSocket.<init>(ServerSocket.java:282)
		at org.apache.catalina.core.StandardServer.await(StandardServer.java:584)
		at org.apache.catalina.startup.Catalina.await(Catalina.java:864)
		at org.apache.catalina.startup.Catalina.start(Catalina.java:810)
		at java.base/jdk.internal.reflect.NativeMethodAccessorImpl.invoke0(Native Method)
		at java.base/jdk.internal.reflect.NativeMethodAccessorImpl.invoke(NativeMethodAccessorImpl.java:62)
		at java.base/jdk.internal.reflect.DelegatingMethodAccessorImpl.invoke(DelegatingMethodAccessorImpl.java:43)
		at java.base/java.lang.reflect.Method.invoke(Method.java:564)
		at org.apache.catalina.startup.Bootstrap.start(Bootstrap.java:342)
		at org.apache.catalina.startup.Bootstrap.main(Bootstrap.java:473)
20-Oct-2020 11:35:56.489 INFO [main] org.apache.coyote.AbstractProtocol.pause Pausing ProtocolHandler ["http-nio-8080"]
20-Oct-2020 11:35:56.489 INFO [main] org.apache.catalina.core.StandardService.stopInternal Stopping service [Catalina]
20-Oct-2020 11:35:56.534 INFO [main] org.apache.coyote.AbstractProtocol.stop Stopping ProtocolHandler ["http-nio-8080"]
20-Oct-2020 11:35:56.534 INFO [main] org.apache.coyote.AbstractProtocol.destroy Destroying ProtocolHandler ["http-nio-8080"]
NOTE: Picked up JDK_JAVA_OPTIONS:  --add-opens=java.base/java.lang=ALL-UNNAMED --add-opens=java.base/java.io=ALL-UNNAMED --add-opens=java.rmi/sun.rmi.transport=ALL-UNNAMED
20-Oct-2020 11:36:31.646 INFO [main] org.apache.catalina.startup.VersionLoggerListener.log Server version name:   Apache Tomcat/9.0.39
20-Oct-2020 11:36:31.652 INFO [main] org.apache.catalina.startup.VersionLoggerListener.log Server built:          Oct 6 2020 14:11:46 UTC
20-Oct-2020 11:36:31.652 INFO [main] org.apache.catalina.startup.VersionLoggerListener.log Server version number: 9.0.39.0
20-Oct-2020 11:36:31.652 INFO [main] org.apache.catalina.startup.VersionLoggerListener.log OS Name:               Linux
20-Oct-2020 11:36:31.652 INFO [main] org.apache.catalina.startup.VersionLoggerListener.log OS Version:            5.4.0-51-generic
20-Oct-2020 11:36:31.653 INFO [main] org.apache.catalina.startup.VersionLoggerListener.log Architecture:          amd64
20-Oct-2020 11:36:31.653 INFO [main] org.apache.catalina.startup.VersionLoggerListener.log Java Home:             /usr/lib/jvm/java-14-openjdk-amd64
20-Oct-2020 11:36:31.653 INFO [main] org.apache.catalina.startup.VersionLoggerListener.log JVM Version:           14.0.1+7-Ubuntu-1ubuntu1
20-Oct-2020 11:36:31.653 INFO [main] org.apache.catalina.startup.VersionLoggerListener.log JVM Vendor:            Private Build
20-Oct-2020 11:36:31.653 INFO [main] org.apache.catalina.startup.VersionLoggerListener.log CATALINA_BASE:         /home/diogo/Desktop/Aulas/IES/lab2.1/apache-tomcat-9.0.39
20-Oct-2020 11:36:31.654 INFO [main] org.apache.catalina.startup.VersionLoggerListener.log CATALINA_HOME:         /home/diogo/Desktop/Aulas/IES/lab2.1/apache-tomcat-9.0.39
20-Oct-2020 11:36:31.677 INFO [main] org.apache.catalina.startup.VersionLoggerListener.log Command line argument: --add-opens=java.base/java.lang=ALL-UNNAMED
20-Oct-2020 11:36:31.678 INFO [main] org.apache.catalina.startup.VersionLoggerListener.log Command line argument: --add-opens=java.base/java.io=ALL-UNNAMED
20-Oct-2020 11:36:31.678 INFO [main] org.apache.catalina.startup.VersionLoggerListener.log Command line argument: --add-opens=java.rmi/sun.rmi.transport=ALL-UNNAMED
20-Oct-2020 11:36:31.678 INFO [main] org.apache.catalina.startup.VersionLoggerListener.log Command line argument: -Djava.util.logging.config.file=/home/diogo/Desktop/Aulas/IES/lab2.1/apache-tomcat-9.0.39/conf/logging.properties
20-Oct-2020 11:36:31.678 INFO [main] org.apache.catalina.startup.VersionLoggerListener.log Command line argument: -Djava.util.logging.manager=org.apache.juli.ClassLoaderLogManager
20-Oct-2020 11:36:31.679 INFO [main] org.apache.catalina.startup.VersionLoggerListener.log Command line argument: -Djdk.tls.ephemeralDHKeySize=2048
20-Oct-2020 11:36:31.679 INFO [main] org.apache.catalina.startup.VersionLoggerListener.log Command line argument: -Djava.protocol.handler.pkgs=org.apache.catalina.webresources
20-Oct-2020 11:36:31.679 INFO [main] org.apache.catalina.startup.VersionLoggerListener.log Command line argument: -Dorg.apache.catalina.security.SecurityListener.UMASK=0027
20-Oct-2020 11:36:31.679 INFO [main] org.apache.catalina.startup.VersionLoggerListener.log Command line argument: -Dignore.endorsed.dirs=
20-Oct-2020 11:36:31.679 INFO [main] org.apache.catalina.startup.VersionLoggerListener.log Command line argument: -Dcatalina.base=/home/diogo/Desktop/Aulas/IES/lab2.1/apache-tomcat-9.0.39
20-Oct-2020 11:36:31.680 INFO [main] org.apache.catalina.startup.VersionLoggerListener.log Command line argument: -Dcatalina.home=/home/diogo/Desktop/Aulas/IES/lab2.1/apache-tomcat-9.0.39
20-Oct-2020 11:36:31.680 INFO [main] org.apache.catalina.startup.VersionLoggerListener.log Command line argument: -Djava.io.tmpdir=/home/diogo/Desktop/Aulas/IES/lab2.1/apache-tomcat-9.0.39/temp
20-Oct-2020 11:36:31.682 INFO [main] org.apache.catalina.core.AprLifecycleListener.lifecycleEvent The Apache Tomcat Native library which allows using OpenSSL was not found on the java.library.path: [/usr/java/packages/lib:/usr/lib/x86_64-linux-gnu/jni:/lib/x86_64-linux-gnu:/usr/lib/x86_64-linux-gnu:/usr/lib/jni:/lib:/usr/lib]
20-Oct-2020 11:36:32.208 INFO [main] org.apache.coyote.AbstractProtocol.init Initializing ProtocolHandler ["http-nio-8080"]
20-Oct-2020 11:36:32.237 SEVERE [main] org.apache.catalina.util.LifecycleBase.handleSubClassException Failed to initialize component [Connector[HTTP/1.1-8080]]
	org.apache.catalina.LifecycleException: Protocol handler initialization failed
		at org.apache.catalina.connector.Connector.initInternal(Connector.java:1042)
		at org.apache.catalina.util.LifecycleBase.init(LifecycleBase.java:136)
		at org.apache.catalina.core.StandardService.initInternal(StandardService.java:533)
		at org.apache.catalina.util.LifecycleBase.init(LifecycleBase.java:136)
		at org.apache.catalina.core.StandardServer.initInternal(StandardServer.java:1057)
		at org.apache.catalina.util.LifecycleBase.init(LifecycleBase.java:136)
		at org.apache.catalina.startup.Catalina.load(Catalina.java:724)
		at org.apache.catalina.startup.Catalina.load(Catalina.java:746)
		at java.base/jdk.internal.reflect.NativeMethodAccessorImpl.invoke0(Native Method)
		at java.base/jdk.internal.reflect.NativeMethodAccessorImpl.invoke(NativeMethodAccessorImpl.java:62)
		at java.base/jdk.internal.reflect.DelegatingMethodAccessorImpl.invoke(DelegatingMethodAccessorImpl.java:43)
		at java.base/java.lang.reflect.Method.invoke(Method.java:564)
		at org.apache.catalina.startup.Bootstrap.load(Bootstrap.java:302)
		at org.apache.catalina.startup.Bootstrap.main(Bootstrap.java:472)
	Caused by: java.net.BindException: Address already in use
		at java.base/sun.nio.ch.Net.bind0(Native Method)
		at java.base/sun.nio.ch.Net.bind(Net.java:479)
		at java.base/sun.nio.ch.Net.bind(Net.java:468)
		at java.base/sun.nio.ch.ServerSocketChannelImpl.bind(ServerSocketChannelImpl.java:220)
		at java.base/sun.nio.ch.ServerSocketAdaptor.bind(ServerSocketAdaptor.java:88)
		at org.apache.tomcat.util.net.NioEndpoint.initServerSocket(NioEndpoint.java:228)
		at org.apache.tomcat.util.net.NioEndpoint.bind(NioEndpoint.java:211)
		at org.apache.tomcat.util.net.AbstractEndpoint.bindWithCleanup(AbstractEndpoint.java:1141)
		at org.apache.tomcat.util.net.AbstractEndpoint.init(AbstractEndpoint.java:1154)
		at org.apache.coyote.AbstractProtocol.init(AbstractProtocol.java:581)
		at org.apache.coyote.http11.AbstractHttp11Protocol.init(AbstractHttp11Protocol.java:75)
		at org.apache.catalina.connector.Connector.initInternal(Connector.java:1039)
		... 13 more
20-Oct-2020 11:36:32.239 INFO [main] org.apache.catalina.startup.Catalina.load Server initialization in [882] milliseconds
20-Oct-2020 11:36:32.308 INFO [main] org.apache.catalina.core.StandardService.startInternal Starting service [Catalina]
20-Oct-2020 11:36:32.309 INFO [main] org.apache.catalina.core.StandardEngine.startInternal Starting Servlet engine: [Apache Tomcat/9.0.39]
20-Oct-2020 11:36:32.325 INFO [main] org.apache.catalina.startup.HostConfig.deployDirectory Deploying web application directory [/home/diogo/Desktop/Aulas/IES/lab2.1/apache-tomcat-9.0.39/webapps/manager]
20-Oct-2020 11:36:32.773 INFO [main] org.apache.catalina.startup.HostConfig.deployDirectory Deployment of web application directory [/home/diogo/Desktop/Aulas/IES/lab2.1/apache-tomcat-9.0.39/webapps/manager] has finished in [448] ms
20-Oct-2020 11:36:32.774 INFO [main] org.apache.catalina.startup.HostConfig.deployDirectory Deploying web application directory [/home/diogo/Desktop/Aulas/IES/lab2.1/apache-tomcat-9.0.39/webapps/examples]
20-Oct-2020 11:36:33.203 INFO [main] org.apache.catalina.startup.HostConfig.deployDirectory Deployment of web application directory [/home/diogo/Desktop/Aulas/IES/lab2.1/apache-tomcat-9.0.39/webapps/examples] has finished in [429] ms
20-Oct-2020 11:36:33.204 INFO [main] org.apache.catalina.startup.HostConfig.deployDirectory Deploying web application directory [/home/diogo/Desktop/Aulas/IES/lab2.1/apache-tomcat-9.0.39/webapps/ROOT]
20-Oct-2020 11:36:33.236 INFO [main] org.apache.catalina.startup.HostConfig.deployDirectory Deployment of web application directory [/home/diogo/Desktop/Aulas/IES/lab2.1/apache-tomcat-9.0.39/webapps/ROOT] has finished in [32] ms
20-Oct-2020 11:36:33.237 INFO [main] org.apache.catalina.startup.HostConfig.deployDirectory Deploying web application directory [/home/diogo/Desktop/Aulas/IES/lab2.1/apache-tomcat-9.0.39/webapps/docs]
20-Oct-2020 11:36:33.268 INFO [main] org.apache.catalina.startup.HostConfig.deployDirectory Deployment of web application directory [/home/diogo/Desktop/Aulas/IES/lab2.1/apache-tomcat-9.0.39/webapps/docs] has finished in [31] ms
20-Oct-2020 11:36:33.269 INFO [main] org.apache.catalina.startup.HostConfig.deployDirectory Deploying web application directory [/home/diogo/Desktop/Aulas/IES/lab2.1/apache-tomcat-9.0.39/webapps/host-manager]
20-Oct-2020 11:36:33.304 INFO [main] org.apache.catalina.startup.HostConfig.deployDirectory Deployment of web application directory [/home/diogo/Desktop/Aulas/IES/lab2.1/apache-tomcat-9.0.39/webapps/host-manager] has finished in [35] ms
20-Oct-2020 11:36:33.310 INFO [main] org.apache.catalina.startup.Catalina.start Server startup in [1070] milliseconds
20-Oct-2020 11:36:33.315 SEVERE [main] org.apache.catalina.core.StandardServer.await Failed to create server shutdown socket on address [localhost] and port [8005] (base port [8005] and offset [0])
	java.net.BindException: Address already in use
		at java.base/sun.nio.ch.Net.bind0(Native Method)
		at java.base/sun.nio.ch.Net.bind(Net.java:479)
		at java.base/sun.nio.ch.Net.bind(Net.java:468)
		at java.base/sun.nio.ch.NioSocketImpl.bind(NioSocketImpl.java:643)
		at java.base/java.net.ServerSocket.bind(ServerSocket.java:396)
		at java.base/java.net.ServerSocket.<init>(ServerSocket.java:282)
		at org.apache.catalina.core.StandardServer.await(StandardServer.java:584)
		at org.apache.catalina.startup.Catalina.await(Catalina.java:864)
		at org.apache.catalina.startup.Catalina.start(Catalina.java:810)
		at java.base/jdk.internal.reflect.NativeMethodAccessorImpl.invoke0(Native Method)
		at java.base/jdk.internal.reflect.NativeMethodAccessorImpl.invoke(NativeMethodAccessorImpl.java:62)
		at java.base/jdk.internal.reflect.DelegatingMethodAccessorImpl.invoke(DelegatingMethodAccessorImpl.java:43)
		at java.base/java.lang.reflect.Method.invoke(Method.java:564)
		at org.apache.catalina.startup.Bootstrap.start(Bootstrap.java:342)
		at org.apache.catalina.startup.Bootstrap.main(Bootstrap.java:473)
20-Oct-2020 11:36:33.316 INFO [main] org.apache.coyote.AbstractProtocol.pause Pausing ProtocolHandler ["http-nio-8080"]
20-Oct-2020 11:36:33.316 INFO [main] org.apache.catalina.core.StandardService.stopInternal Stopping service [Catalina]
20-Oct-2020 11:36:33.350 INFO [main] org.apache.coyote.AbstractProtocol.stop Stopping ProtocolHandler ["http-nio-8080"]
20-Oct-2020 11:36:33.350 INFO [main] org.apache.coyote.AbstractProtocol.destroy Destroying ProtocolHandler ["http-nio-8080"]
20-Oct-2020 11:37:18.919 INFO [main] org.apache.catalina.core.StandardServer.await A valid shutdown command was received via the shutdown port. Stopping the Server instance.
20-Oct-2020 11:37:18.920 INFO [main] org.apache.coyote.AbstractProtocol.pause Pausing ProtocolHandler ["http-nio-8080"]
20-Oct-2020 11:37:18.929 INFO [main] org.apache.catalina.core.StandardService.stopInternal Stopping service [Catalina]
20-Oct-2020 11:37:18.966 INFO [main] org.apache.coyote.AbstractProtocol.stop Stopping ProtocolHandler ["http-nio-8080"]
20-Oct-2020 11:37:18.977 INFO [main] org.apache.coyote.AbstractProtocol.destroy Destroying ProtocolHandler ["http-nio-8080"]
NOTE: Picked up JDK_JAVA_OPTIONS:  --add-opens=java.base/java.lang=ALL-UNNAMED --add-opens=java.base/java.io=ALL-UNNAMED --add-opens=java.rmi/sun.rmi.transport=ALL-UNNAMED
20-Oct-2020 11:38:48.612 INFO [main] org.apache.catalina.startup.VersionLoggerListener.log Server version name:   Apache Tomcat/9.0.39
20-Oct-2020 11:38:48.617 INFO [main] org.apache.catalina.startup.VersionLoggerListener.log Server built:          Oct 6 2020 14:11:46 UTC
20-Oct-2020 11:38:48.617 INFO [main] org.apache.catalina.startup.VersionLoggerListener.log Server version number: 9.0.39.0
20-Oct-2020 11:38:48.617 INFO [main] org.apache.catalina.startup.VersionLoggerListener.log OS Name:               Linux
20-Oct-2020 11:38:48.617 INFO [main] org.apache.catalina.startup.VersionLoggerListener.log OS Version:            5.4.0-51-generic
20-Oct-2020 11:38:48.618 INFO [main] org.apache.catalina.startup.VersionLoggerListener.log Architecture:          amd64
20-Oct-2020 11:38:48.618 INFO [main] org.apache.catalina.startup.VersionLoggerListener.log Java Home:             /usr/lib/jvm/java-14-openjdk-amd64
20-Oct-2020 11:38:48.618 INFO [main] org.apache.catalina.startup.VersionLoggerListener.log JVM Version:           14.0.1+7-Ubuntu-1ubuntu1
20-Oct-2020 11:38:48.618 INFO [main] org.apache.catalina.startup.VersionLoggerListener.log JVM Vendor:            Private Build
20-Oct-2020 11:38:48.618 INFO [main] org.apache.catalina.startup.VersionLoggerListener.log CATALINA_BASE:         /home/diogo/Desktop/Aulas/IES/lab2.1/apache-tomcat-9.0.39
20-Oct-2020 11:38:48.618 INFO [main] org.apache.catalina.startup.VersionLoggerListener.log CATALINA_HOME:         /home/diogo/Desktop/Aulas/IES/lab2.1/apache-tomcat-9.0.39
20-Oct-2020 11:38:48.640 INFO [main] org.apache.catalina.startup.VersionLoggerListener.log Command line argument: --add-opens=java.base/java.lang=ALL-UNNAMED
20-Oct-2020 11:38:48.640 INFO [main] org.apache.catalina.startup.VersionLoggerListener.log Command line argument: --add-opens=java.base/java.io=ALL-UNNAMED
20-Oct-2020 11:38:48.640 INFO [main] org.apache.catalina.startup.VersionLoggerListener.log Command line argument: --add-opens=java.rmi/sun.rmi.transport=ALL-UNNAMED
20-Oct-2020 11:38:48.641 INFO [main] org.apache.catalina.startup.VersionLoggerListener.log Command line argument: -Djava.util.logging.config.file=/home/diogo/Desktop/Aulas/IES/lab2.1/apache-tomcat-9.0.39/conf/logging.properties
20-Oct-2020 11:38:48.641 INFO [main] org.apache.catalina.startup.VersionLoggerListener.log Command line argument: -Djava.util.logging.manager=org.apache.juli.ClassLoaderLogManager
20-Oct-2020 11:38:48.641 INFO [main] org.apache.catalina.startup.VersionLoggerListener.log Command line argument: -Djdk.tls.ephemeralDHKeySize=2048
20-Oct-2020 11:38:48.641 INFO [main] org.apache.catalina.startup.VersionLoggerListener.log Command line argument: -Djava.protocol.handler.pkgs=org.apache.catalina.webresources
20-Oct-2020 11:38:48.641 INFO [main] org.apache.catalina.startup.VersionLoggerListener.log Command line argument: -Dorg.apache.catalina.security.SecurityListener.UMASK=0027
20-Oct-2020 11:38:48.642 INFO [main] org.apache.catalina.startup.VersionLoggerListener.log Command line argument: -Dignore.endorsed.dirs=
20-Oct-2020 11:38:48.642 INFO [main] org.apache.catalina.startup.VersionLoggerListener.log Command line argument: -Dcatalina.base=/home/diogo/Desktop/Aulas/IES/lab2.1/apache-tomcat-9.0.39
20-Oct-2020 11:38:48.642 INFO [main] org.apache.catalina.startup.VersionLoggerListener.log Command line argument: -Dcatalina.home=/home/diogo/Desktop/Aulas/IES/lab2.1/apache-tomcat-9.0.39
20-Oct-2020 11:38:48.642 INFO [main] org.apache.catalina.startup.VersionLoggerListener.log Command line argument: -Djava.io.tmpdir=/home/diogo/Desktop/Aulas/IES/lab2.1/apache-tomcat-9.0.39/temp
20-Oct-2020 11:38:48.645 INFO [main] org.apache.catalina.core.AprLifecycleListener.lifecycleEvent The Apache Tomcat Native library which allows using OpenSSL was not found on the java.library.path: [/usr/java/packages/lib:/usr/lib/x86_64-linux-gnu/jni:/lib/x86_64-linux-gnu:/usr/lib/x86_64-linux-gnu:/usr/lib/jni:/lib:/usr/lib]
20-Oct-2020 11:38:49.108 INFO [main] org.apache.coyote.AbstractProtocol.init Initializing ProtocolHandler ["http-nio-8080"]
20-Oct-2020 11:38:49.156 INFO [main] org.apache.catalina.startup.Catalina.load Server initialization in [827] milliseconds
20-Oct-2020 11:38:49.238 INFO [main] org.apache.catalina.core.StandardService.startInternal Starting service [Catalina]
20-Oct-2020 11:38:49.238 INFO [main] org.apache.catalina.core.StandardEngine.startInternal Starting Servlet engine: [Apache Tomcat/9.0.39]
20-Oct-2020 11:38:49.252 INFO [main] org.apache.catalina.startup.HostConfig.deployDirectory Deploying web application directory [/home/diogo/Desktop/Aulas/IES/lab2.1/apache-tomcat-9.0.39/webapps/manager]
20-Oct-2020 11:38:49.720 INFO [main] org.apache.catalina.startup.HostConfig.deployDirectory Deployment of web application directory [/home/diogo/Desktop/Aulas/IES/lab2.1/apache-tomcat-9.0.39/webapps/manager] has finished in [467] ms
20-Oct-2020 11:38:49.721 INFO [main] org.apache.catalina.startup.HostConfig.deployDirectory Deploying web application directory [/home/diogo/Desktop/Aulas/IES/lab2.1/apache-tomcat-9.0.39/webapps/examples]
20-Oct-2020 11:38:50.221 INFO [main] org.apache.catalina.startup.HostConfig.deployDirectory Deployment of web application directory [/home/diogo/Desktop/Aulas/IES/lab2.1/apache-tomcat-9.0.39/webapps/examples] has finished in [500] ms
20-Oct-2020 11:38:50.222 INFO [main] org.apache.catalina.startup.HostConfig.deployDirectory Deploying web application directory [/home/diogo/Desktop/Aulas/IES/lab2.1/apache-tomcat-9.0.39/webapps/ROOT]
20-Oct-2020 11:38:50.264 INFO [main] org.apache.catalina.startup.HostConfig.deployDirectory Deployment of web application directory [/home/diogo/Desktop/Aulas/IES/lab2.1/apache-tomcat-9.0.39/webapps/ROOT] has finished in [41] ms
20-Oct-2020 11:38:50.264 INFO [main] org.apache.catalina.startup.HostConfig.deployDirectory Deploying web application directory [/home/diogo/Desktop/Aulas/IES/lab2.1/apache-tomcat-9.0.39/webapps/docs]
20-Oct-2020 11:38:50.305 INFO [main] org.apache.catalina.startup.HostConfig.deployDirectory Deployment of web application directory [/home/diogo/Desktop/Aulas/IES/lab2.1/apache-tomcat-9.0.39/webapps/docs] has finished in [40] ms
20-Oct-2020 11:38:50.306 INFO [main] org.apache.catalina.startup.HostConfig.deployDirectory Deploying web application directory [/home/diogo/Desktop/Aulas/IES/lab2.1/apache-tomcat-9.0.39/webapps/host-manager]
20-Oct-2020 11:38:50.343 INFO [main] org.apache.catalina.startup.HostConfig.deployDirectory Deployment of web application directory [/home/diogo/Desktop/Aulas/IES/lab2.1/apache-tomcat-9.0.39/webapps/host-manager] has finished in [36] ms
20-Oct-2020 11:38:50.350 INFO [main] org.apache.coyote.AbstractProtocol.start Starting ProtocolHandler ["http-nio-8080"]
20-Oct-2020 11:38:50.365 INFO [main] org.apache.catalina.startup.Catalina.start Server startup in [1208] milliseconds
20-Oct-2020 11:39:02.407 INFO [main] org.apache.catalina.core.StandardServer.await A valid shutdown command was received via the shutdown port. Stopping the Server instance.
20-Oct-2020 11:39:02.408 INFO [main] org.apache.coyote.AbstractProtocol.pause Pausing ProtocolHandler ["http-nio-8080"]
20-Oct-2020 11:39:02.418 INFO [main] org.apache.catalina.core.StandardService.stopInternal Stopping service [Catalina]
20-Oct-2020 11:39:02.461 INFO [main] org.apache.coyote.AbstractProtocol.stop Stopping ProtocolHandler ["http-nio-8080"]
20-Oct-2020 11:39:02.466 INFO [main] org.apache.coyote.AbstractProtocol.destroy Destroying ProtocolHandler ["http-nio-8080"]
NOTE: Picked up JDK_JAVA_OPTIONS:  --add-opens=java.base/java.lang=ALL-UNNAMED --add-opens=java.base/java.io=ALL-UNNAMED --add-opens=java.rmi/sun.rmi.transport=ALL-UNNAMED
20-Oct-2020 11:39:16.345 INFO [main] org.apache.catalina.startup.VersionLoggerListener.log Server version name:   Apache Tomcat/9.0.39
20-Oct-2020 11:39:16.350 INFO [main] org.apache.catalina.startup.VersionLoggerListener.log Server built:          Oct 6 2020 14:11:46 UTC
20-Oct-2020 11:39:16.351 INFO [main] org.apache.catalina.startup.VersionLoggerListener.log Server version number: 9.0.39.0
20-Oct-2020 11:39:16.351 INFO [main] org.apache.catalina.startup.VersionLoggerListener.log OS Name:               Linux
20-Oct-2020 11:39:16.351 INFO [main] org.apache.catalina.startup.VersionLoggerListener.log OS Version:            5.4.0-51-generic
20-Oct-2020 11:39:16.351 INFO [main] org.apache.catalina.startup.VersionLoggerListener.log Architecture:          amd64
20-Oct-2020 11:39:16.351 INFO [main] org.apache.catalina.startup.VersionLoggerListener.log Java Home:             /usr/lib/jvm/java-14-openjdk-amd64
20-Oct-2020 11:39:16.351 INFO [main] org.apache.catalina.startup.VersionLoggerListener.log JVM Version:           14.0.1+7-Ubuntu-1ubuntu1
20-Oct-2020 11:39:16.352 INFO [main] org.apache.catalina.startup.VersionLoggerListener.log JVM Vendor:            Private Build
20-Oct-2020 11:39:16.352 INFO [main] org.apache.catalina.startup.VersionLoggerListener.log CATALINA_BASE:         /home/diogo/Desktop/Aulas/IES/lab2.1/apache-tomcat-9.0.39
20-Oct-2020 11:39:16.352 INFO [main] org.apache.catalina.startup.VersionLoggerListener.log CATALINA_HOME:         /home/diogo/Desktop/Aulas/IES/lab2.1/apache-tomcat-9.0.39
20-Oct-2020 11:39:16.370 INFO [main] org.apache.catalina.startup.VersionLoggerListener.log Command line argument: --add-opens=java.base/java.lang=ALL-UNNAMED
20-Oct-2020 11:39:16.371 INFO [main] org.apache.catalina.startup.VersionLoggerListener.log Command line argument: --add-opens=java.base/java.io=ALL-UNNAMED
20-Oct-2020 11:39:16.371 INFO [main] org.apache.catalina.startup.VersionLoggerListener.log Command line argument: --add-opens=java.rmi/sun.rmi.transport=ALL-UNNAMED
20-Oct-2020 11:39:16.371 INFO [main] org.apache.catalina.startup.VersionLoggerListener.log Command line argument: -Djava.util.logging.config.file=/home/diogo/Desktop/Aulas/IES/lab2.1/apache-tomcat-9.0.39/conf/logging.properties
20-Oct-2020 11:39:16.371 INFO [main] org.apache.catalina.startup.VersionLoggerListener.log Command line argument: -Djava.util.logging.manager=org.apache.juli.ClassLoaderLogManager
20-Oct-2020 11:39:16.371 INFO [main] org.apache.catalina.startup.VersionLoggerListener.log Command line argument: -Djdk.tls.ephemeralDHKeySize=2048
20-Oct-2020 11:39:16.371 INFO [main] org.apache.catalina.startup.VersionLoggerListener.log Command line argument: -Djava.protocol.handler.pkgs=org.apache.catalina.webresources
20-Oct-2020 11:39:16.372 INFO [main] org.apache.catalina.startup.VersionLoggerListener.log Command line argument: -Dorg.apache.catalina.security.SecurityListener.UMASK=0027
20-Oct-2020 11:39:16.372 INFO [main] org.apache.catalina.startup.VersionLoggerListener.log Command line argument: -Dignore.endorsed.dirs=
20-Oct-2020 11:39:16.372 INFO [main] org.apache.catalina.startup.VersionLoggerListener.log Command line argument: -Dcatalina.base=/home/diogo/Desktop/Aulas/IES/lab2.1/apache-tomcat-9.0.39
20-Oct-2020 11:39:16.372 INFO [main] org.apache.catalina.startup.VersionLoggerListener.log Command line argument: -Dcatalina.home=/home/diogo/Desktop/Aulas/IES/lab2.1/apache-tomcat-9.0.39
20-Oct-2020 11:39:16.372 INFO [main] org.apache.catalina.startup.VersionLoggerListener.log Command line argument: -Djava.io.tmpdir=/home/diogo/Desktop/Aulas/IES/lab2.1/apache-tomcat-9.0.39/temp
20-Oct-2020 11:39:16.374 INFO [main] org.apache.catalina.core.AprLifecycleListener.lifecycleEvent The Apache Tomcat Native library which allows using OpenSSL was not found on the java.library.path: [/usr/java/packages/lib:/usr/lib/x86_64-linux-gnu/jni:/lib/x86_64-linux-gnu:/usr/lib/x86_64-linux-gnu:/usr/lib/jni:/lib:/usr/lib]
20-Oct-2020 11:39:16.841 INFO [main] org.apache.coyote.AbstractProtocol.init Initializing ProtocolHandler ["http-nio-8080"]
20-Oct-2020 11:39:16.893 INFO [main] org.apache.catalina.startup.Catalina.load Server initialization in [832] milliseconds
20-Oct-2020 11:39:16.962 INFO [main] org.apache.catalina.core.StandardService.startInternal Starting service [Catalina]
20-Oct-2020 11:39:16.963 INFO [main] org.apache.catalina.core.StandardEngine.startInternal Starting Servlet engine: [Apache Tomcat/9.0.39]
20-Oct-2020 11:39:16.974 INFO [main] org.apache.catalina.startup.HostConfig.deployDirectory Deploying web application directory [/home/diogo/Desktop/Aulas/IES/lab2.1/apache-tomcat-9.0.39/webapps/manager]
20-Oct-2020 11:39:17.450 INFO [main] org.apache.catalina.startup.HostConfig.deployDirectory Deployment of web application directory [/home/diogo/Desktop/Aulas/IES/lab2.1/apache-tomcat-9.0.39/webapps/manager] has finished in [474] ms
20-Oct-2020 11:39:17.452 INFO [main] org.apache.catalina.startup.HostConfig.deployDirectory Deploying web application directory [/home/diogo/Desktop/Aulas/IES/lab2.1/apache-tomcat-9.0.39/webapps/examples]
20-Oct-2020 11:39:18.160 INFO [main] org.apache.catalina.startup.HostConfig.deployDirectory Deployment of web application directory [/home/diogo/Desktop/Aulas/IES/lab2.1/apache-tomcat-9.0.39/webapps/examples] has finished in [707] ms
20-Oct-2020 11:39:18.161 INFO [main] org.apache.catalina.startup.HostConfig.deployDirectory Deploying web application directory [/home/diogo/Desktop/Aulas/IES/lab2.1/apache-tomcat-9.0.39/webapps/ROOT]
20-Oct-2020 11:39:18.207 INFO [main] org.apache.catalina.startup.HostConfig.deployDirectory Deployment of web application directory [/home/diogo/Desktop/Aulas/IES/lab2.1/apache-tomcat-9.0.39/webapps/ROOT] has finished in [46] ms
20-Oct-2020 11:39:18.208 INFO [main] org.apache.catalina.startup.HostConfig.deployDirectory Deploying web application directory [/home/diogo/Desktop/Aulas/IES/lab2.1/apache-tomcat-9.0.39/webapps/docs]
20-Oct-2020 11:39:18.248 INFO [main] org.apache.catalina.startup.HostConfig.deployDirectory Deployment of web application directory [/home/diogo/Desktop/Aulas/IES/lab2.1/apache-tomcat-9.0.39/webapps/docs] has finished in [40] ms
20-Oct-2020 11:39:18.249 INFO [main] org.apache.catalina.startup.HostConfig.deployDirectory Deploying web application directory [/home/diogo/Desktop/Aulas/IES/lab2.1/apache-tomcat-9.0.39/webapps/host-manager]
20-Oct-2020 11:39:18.286 INFO [main] org.apache.catalina.startup.HostConfig.deployDirectory Deployment of web application directory [/home/diogo/Desktop/Aulas/IES/lab2.1/apache-tomcat-9.0.39/webapps/host-manager] has finished in [38] ms
20-Oct-2020 11:39:18.292 INFO [main] org.apache.coyote.AbstractProtocol.start Starting ProtocolHandler ["http-nio-8080"]
20-Oct-2020 11:39:18.306 INFO [main] org.apache.catalina.startup.Catalina.start Server startup in [1411] milliseconds
20-Oct-2020 11:55:38.496 INFO [Catalina-utility-2] org.apache.catalina.users.MemoryUserDatabase.backgroundProcess Reloading memory user database [UserDatabase] from updated source [file:/home/diogo/Desktop/Aulas/IES/lab2.1/apache-tomcat-9.0.39/conf/tomcat-users.xml]
20-Oct-2020 11:55:53.987 INFO [main] org.apache.catalina.core.StandardServer.await A valid shutdown command was received via the shutdown port. Stopping the Server instance.
20-Oct-2020 11:55:53.988 INFO [main] org.apache.coyote.AbstractProtocol.pause Pausing ProtocolHandler ["http-nio-8080"]
20-Oct-2020 11:55:53.998 INFO [main] org.apache.catalina.core.StandardService.stopInternal Stopping service [Catalina]
20-Oct-2020 11:55:54.042 INFO [main] org.apache.coyote.AbstractProtocol.stop Stopping ProtocolHandler ["http-nio-8080"]
20-Oct-2020 11:55:54.048 INFO [main] org.apache.coyote.AbstractProtocol.destroy Destroying ProtocolHandler ["http-nio-8080"]
NOTE: Picked up JDK_JAVA_OPTIONS:  --add-opens=java.base/java.lang=ALL-UNNAMED --add-opens=java.base/java.io=ALL-UNNAMED --add-opens=java.rmi/sun.rmi.transport=ALL-UNNAMED
20-Oct-2020 11:55:57.623 INFO [main] org.apache.catalina.startup.VersionLoggerListener.log Server version name:   Apache Tomcat/9.0.39
20-Oct-2020 11:55:57.627 INFO [main] org.apache.catalina.startup.VersionLoggerListener.log Server built:          Oct 6 2020 14:11:46 UTC
20-Oct-2020 11:55:57.628 INFO [main] org.apache.catalina.startup.VersionLoggerListener.log Server version number: 9.0.39.0
20-Oct-2020 11:55:57.628 INFO [main] org.apache.catalina.startup.VersionLoggerListener.log OS Name:               Linux
20-Oct-2020 11:55:57.628 INFO [main] org.apache.catalina.startup.VersionLoggerListener.log OS Version:            5.4.0-51-generic
20-Oct-2020 11:55:57.628 INFO [main] org.apache.catalina.startup.VersionLoggerListener.log Architecture:          amd64
20-Oct-2020 11:55:57.628 INFO [main] org.apache.catalina.startup.VersionLoggerListener.log Java Home:             /usr/lib/jvm/java-14-openjdk-amd64
20-Oct-2020 11:55:57.629 INFO [main] org.apache.catalina.startup.VersionLoggerListener.log JVM Version:           14.0.1+7-Ubuntu-1ubuntu1
20-Oct-2020 11:55:57.629 INFO [main] org.apache.catalina.startup.VersionLoggerListener.log JVM Vendor:            Private Build
20-Oct-2020 11:55:57.629 INFO [main] org.apache.catalina.startup.VersionLoggerListener.log CATALINA_BASE:         /home/diogo/Desktop/Aulas/IES/lab2.1/apache-tomcat-9.0.39
20-Oct-2020 11:55:57.629 INFO [main] org.apache.catalina.startup.VersionLoggerListener.log CATALINA_HOME:         /home/diogo/Desktop/Aulas/IES/lab2.1/apache-tomcat-9.0.39
20-Oct-2020 11:55:57.654 INFO [main] org.apache.catalina.startup.VersionLoggerListener.log Command line argument: --add-opens=java.base/java.lang=ALL-UNNAMED
20-Oct-2020 11:55:57.654 INFO [main] org.apache.catalina.startup.VersionLoggerListener.log Command line argument: --add-opens=java.base/java.io=ALL-UNNAMED
20-Oct-2020 11:55:57.655 INFO [main] org.apache.catalina.startup.VersionLoggerListener.log Command line argument: --add-opens=java.rmi/sun.rmi.transport=ALL-UNNAMED
20-Oct-2020 11:55:57.655 INFO [main] org.apache.catalina.startup.VersionLoggerListener.log Command line argument: -Djava.util.logging.config.file=/home/diogo/Desktop/Aulas/IES/lab2.1/apache-tomcat-9.0.39/conf/logging.properties
20-Oct-2020 11:55:57.655 INFO [main] org.apache.catalina.startup.VersionLoggerListener.log Command line argument: -Djava.util.logging.manager=org.apache.juli.ClassLoaderLogManager
20-Oct-2020 11:55:57.655 INFO [main] org.apache.catalina.startup.VersionLoggerListener.log Command line argument: -Djdk.tls.ephemeralDHKeySize=2048
20-Oct-2020 11:55:57.656 INFO [main] org.apache.catalina.startup.VersionLoggerListener.log Command line argument: -Djava.protocol.handler.pkgs=org.apache.catalina.webresources
20-Oct-2020 11:55:57.656 INFO [main] org.apache.catalina.startup.VersionLoggerListener.log Command line argument: -Dorg.apache.catalina.security.SecurityListener.UMASK=0027
20-Oct-2020 11:55:57.656 INFO [main] org.apache.catalina.startup.VersionLoggerListener.log Command line argument: -Dignore.endorsed.dirs=
20-Oct-2020 11:55:57.656 INFO [main] org.apache.catalina.startup.VersionLoggerListener.log Command line argument: -Dcatalina.base=/home/diogo/Desktop/Aulas/IES/lab2.1/apache-tomcat-9.0.39
20-Oct-2020 11:55:57.656 INFO [main] org.apache.catalina.startup.VersionLoggerListener.log Command line argument: -Dcatalina.home=/home/diogo/Desktop/Aulas/IES/lab2.1/apache-tomcat-9.0.39
20-Oct-2020 11:55:57.657 INFO [main] org.apache.catalina.startup.VersionLoggerListener.log Command line argument: -Djava.io.tmpdir=/home/diogo/Desktop/Aulas/IES/lab2.1/apache-tomcat-9.0.39/temp
20-Oct-2020 11:55:57.659 INFO [main] org.apache.catalina.core.AprLifecycleListener.lifecycleEvent The Apache Tomcat Native library which allows using OpenSSL was not found on the java.library.path: [/usr/java/packages/lib:/usr/lib/x86_64-linux-gnu/jni:/lib/x86_64-linux-gnu:/usr/lib/x86_64-linux-gnu:/usr/lib/jni:/lib:/usr/lib]
20-Oct-2020 11:55:58.350 INFO [main] org.apache.coyote.AbstractProtocol.init Initializing ProtocolHandler ["http-nio-8080"]
20-Oct-2020 11:55:58.420 INFO [main] org.apache.catalina.startup.Catalina.load Server initialization in [1111] milliseconds
20-Oct-2020 11:55:58.549 INFO [main] org.apache.catalina.core.StandardService.startInternal Starting service [Catalina]
20-Oct-2020 11:55:58.549 INFO [main] org.apache.catalina.core.StandardEngine.startInternal Starting Servlet engine: [Apache Tomcat/9.0.39]
20-Oct-2020 11:55:58.581 INFO [main] org.apache.catalina.startup.HostConfig.deployDirectory Deploying web application directory [/home/diogo/Desktop/Aulas/IES/lab2.1/apache-tomcat-9.0.39/webapps/manager]
20-Oct-2020 11:55:59.123 INFO [main] org.apache.catalina.startup.HostConfig.deployDirectory Deployment of web application directory [/home/diogo/Desktop/Aulas/IES/lab2.1/apache-tomcat-9.0.39/webapps/manager] has finished in [541] ms
20-Oct-2020 11:55:59.124 INFO [main] org.apache.catalina.startup.HostConfig.deployDirectory Deploying web application directory [/home/diogo/Desktop/Aulas/IES/lab2.1/apache-tomcat-9.0.39/webapps/examples]
20-Oct-2020 11:55:59.625 INFO [main] org.apache.catalina.startup.HostConfig.deployDirectory Deployment of web application directory [/home/diogo/Desktop/Aulas/IES/lab2.1/apache-tomcat-9.0.39/webapps/examples] has finished in [500] ms
20-Oct-2020 11:55:59.626 INFO [main] org.apache.catalina.startup.HostConfig.deployDirectory Deploying web application directory [/home/diogo/Desktop/Aulas/IES/lab2.1/apache-tomcat-9.0.39/webapps/ROOT]
20-Oct-2020 11:55:59.663 INFO [main] org.apache.catalina.startup.HostConfig.deployDirectory Deployment of web application directory [/home/diogo/Desktop/Aulas/IES/lab2.1/apache-tomcat-9.0.39/webapps/ROOT] has finished in [37] ms
20-Oct-2020 11:55:59.663 INFO [main] org.apache.catalina.startup.HostConfig.deployDirectory Deploying web application directory [/home/diogo/Desktop/Aulas/IES/lab2.1/apache-tomcat-9.0.39/webapps/docs]
20-Oct-2020 11:55:59.695 INFO [main] org.apache.catalina.startup.HostConfig.deployDirectory Deployment of web application directory [/home/diogo/Desktop/Aulas/IES/lab2.1/apache-tomcat-9.0.39/webapps/docs] has finished in [31] ms
20-Oct-2020 11:55:59.695 INFO [main] org.apache.catalina.startup.HostConfig.deployDirectory Deploying web application directory [/home/diogo/Desktop/Aulas/IES/lab2.1/apache-tomcat-9.0.39/webapps/host-manager]
20-Oct-2020 11:55:59.731 INFO [main] org.apache.catalina.startup.HostConfig.deployDirectory Deployment of web application directory [/home/diogo/Desktop/Aulas/IES/lab2.1/apache-tomcat-9.0.39/webapps/host-manager] has finished in [36] ms
20-Oct-2020 11:55:59.739 INFO [main] org.apache.coyote.AbstractProtocol.start Starting ProtocolHandler ["http-nio-8080"]
20-Oct-2020 11:55:59.760 INFO [main] org.apache.catalina.startup.Catalina.start Server startup in [1338] milliseconds
20-Oct-2020 12:16:26.306 INFO [http-nio-8080-exec-8] org.apache.catalina.startup.HostConfig.deployWAR Deploying web application archive [/home/diogo/Desktop/Aulas/IES/lab2.1/apache-tomcat-9.0.39/webapps/webapp-javaee7.war]
20-Oct-2020 12:16:26.388 INFO [http-nio-8080-exec-8] org.apache.catalina.startup.HostConfig.deployWAR Deployment of web application archive [/home/diogo/Desktop/Aulas/IES/lab2.1/apache-tomcat-9.0.39/webapps/webapp-javaee7.war] has finished in [81] ms
20-Oct-2020 12:25:48.797 INFO [http-nio-8080-exec-6] org.apache.catalina.startup.HostConfig.undeploy Undeploying context [/webapp-javaee7]
20-Oct-2020 12:32:17.525 INFO [main] org.apache.catalina.core.StandardServer.await A valid shutdown command was received via the shutdown port. Stopping the Server instance.
20-Oct-2020 12:32:17.527 INFO [main] org.apache.coyote.AbstractProtocol.pause Pausing ProtocolHandler ["http-nio-8080"]
20-Oct-2020 12:32:17.538 INFO [main] org.apache.catalina.core.StandardService.stopInternal Stopping service [Catalina]
20-Oct-2020 12:32:17.579 INFO [main] org.apache.coyote.AbstractProtocol.stop Stopping ProtocolHandler ["http-nio-8080"]
20-Oct-2020 12:32:17.585 INFO [main] org.apache.coyote.AbstractProtocol.destroy Destroying ProtocolHandler ["http-nio-8080"]
/home/diogo/Desktop/Aulas/IES/lab2.1/apache-tomcat-9.0.39/bin/catalina.sh: 1: eval: /usr/lib/jvm/java-14-openjdk-amd64/bin//bin/java: not found
/home/diogo/Desktop/Aulas/IES/lab2.1/apache-tomcat-9.0.39/bin/catalina.sh: 1: eval: /usr/lib/jvm/java-14-openjdk-amd64/bin//bin/java: not found
NOTE: Picked up JDK_JAVA_OPTIONS:  --add-opens=java.base/java.lang=ALL-UNNAMED --add-opens=java.base/java.io=ALL-UNNAMED --add-opens=java.rmi/sun.rmi.transport=ALL-UNNAMED
27-Oct-2020 11:40:02.446 INFO [main] org.apache.catalina.startup.VersionLoggerListener.log Server version name:   Apache Tomcat/9.0.39
27-Oct-2020 11:40:02.449 INFO [main] org.apache.catalina.startup.VersionLoggerListener.log Server built:          Oct 6 2020 14:11:46 UTC
27-Oct-2020 11:40:02.449 INFO [main] org.apache.catalina.startup.VersionLoggerListener.log Server version number: 9.0.39.0
27-Oct-2020 11:40:02.449 INFO [main] org.apache.catalina.startup.VersionLoggerListener.log OS Name:               Linux
27-Oct-2020 11:40:02.449 INFO [main] org.apache.catalina.startup.VersionLoggerListener.log OS Version:            5.4.0-52-generic
27-Oct-2020 11:40:02.450 INFO [main] org.apache.catalina.startup.VersionLoggerListener.log Architecture:          amd64
27-Oct-2020 11:40:02.450 INFO [main] org.apache.catalina.startup.VersionLoggerListener.log Java Home:             /usr/lib/jvm/java-14-openjdk-amd64
27-Oct-2020 11:40:02.450 INFO [main] org.apache.catalina.startup.VersionLoggerListener.log JVM Version:           14.0.2+12-Ubuntu-120.04
27-Oct-2020 11:40:02.450 INFO [main] org.apache.catalina.startup.VersionLoggerListener.log JVM Vendor:            Private Build
27-Oct-2020 11:40:02.450 INFO [main] org.apache.catalina.startup.VersionLoggerListener.log CATALINA_BASE:         /home/diogo/Desktop/Aulas/IES/lab2.1/apache-tomcat-9.0.39
27-Oct-2020 11:40:02.450 INFO [main] org.apache.catalina.startup.VersionLoggerListener.log CATALINA_HOME:         /home/diogo/Desktop/Aulas/IES/lab2.1/apache-tomcat-9.0.39
27-Oct-2020 11:40:02.463 INFO [main] org.apache.catalina.startup.VersionLoggerListener.log Command line argument: --add-opens=java.base/java.lang=ALL-UNNAMED
27-Oct-2020 11:40:02.463 INFO [main] org.apache.catalina.startup.VersionLoggerListener.log Command line argument: --add-opens=java.base/java.io=ALL-UNNAMED
27-Oct-2020 11:40:02.463 INFO [main] org.apache.catalina.startup.VersionLoggerListener.log Command line argument: --add-opens=java.rmi/sun.rmi.transport=ALL-UNNAMED
27-Oct-2020 11:40:02.463 INFO [main] org.apache.catalina.startup.VersionLoggerListener.log Command line argument: -Djava.util.logging.config.file=/home/diogo/Desktop/Aulas/IES/lab2.1/apache-tomcat-9.0.39/conf/logging.properties
27-Oct-2020 11:40:02.463 INFO [main] org.apache.catalina.startup.VersionLoggerListener.log Command line argument: -Djava.util.logging.manager=org.apache.juli.ClassLoaderLogManager
27-Oct-2020 11:40:02.464 INFO [main] org.apache.catalina.startup.VersionLoggerListener.log Command line argument: -Djdk.tls.ephemeralDHKeySize=2048
27-Oct-2020 11:40:02.464 INFO [main] org.apache.catalina.startup.VersionLoggerListener.log Command line argument: -Djava.protocol.handler.pkgs=org.apache.catalina.webresources
27-Oct-2020 11:40:02.464 INFO [main] org.apache.catalina.startup.VersionLoggerListener.log Command line argument: -Dorg.apache.catalina.security.SecurityListener.UMASK=0027
27-Oct-2020 11:40:02.464 INFO [main] org.apache.catalina.startup.VersionLoggerListener.log Command line argument: -Dignore.endorsed.dirs=
27-Oct-2020 11:40:02.464 INFO [main] org.apache.catalina.startup.VersionLoggerListener.log Command line argument: -Dcatalina.base=/home/diogo/Desktop/Aulas/IES/lab2.1/apache-tomcat-9.0.39
27-Oct-2020 11:40:02.464 INFO [main] org.apache.catalina.startup.VersionLoggerListener.log Command line argument: -Dcatalina.home=/home/diogo/Desktop/Aulas/IES/lab2.1/apache-tomcat-9.0.39
27-Oct-2020 11:40:02.464 INFO [main] org.apache.catalina.startup.VersionLoggerListener.log Command line argument: -Djava.io.tmpdir=/home/diogo/Desktop/Aulas/IES/lab2.1/apache-tomcat-9.0.39/temp
27-Oct-2020 11:40:02.466 INFO [main] org.apache.catalina.core.AprLifecycleListener.lifecycleEvent The Apache Tomcat Native library which allows using OpenSSL was not found on the java.library.path: [/usr/java/packages/lib:/usr/lib/x86_64-linux-gnu/jni:/lib/x86_64-linux-gnu:/usr/lib/x86_64-linux-gnu:/usr/lib/jni:/lib:/usr/lib]
27-Oct-2020 11:40:02.768 INFO [main] org.apache.coyote.AbstractProtocol.init Initializing ProtocolHandler ["http-nio-8080"]
27-Oct-2020 11:40:02.797 INFO [main] org.apache.catalina.startup.Catalina.load Server initialization in [546] milliseconds
27-Oct-2020 11:40:02.836 INFO [main] org.apache.catalina.core.StandardService.startInternal Starting service [Catalina]
27-Oct-2020 11:40:02.836 INFO [main] org.apache.catalina.core.StandardEngine.startInternal Starting Servlet engine: [Apache Tomcat/9.0.39]
27-Oct-2020 11:40:02.844 INFO [main] org.apache.catalina.startup.HostConfig.deployDirectory Deploying web application directory [/home/diogo/Desktop/Aulas/IES/lab2.1/apache-tomcat-9.0.39/webapps/manager]
27-Oct-2020 11:40:03.100 INFO [main] org.apache.catalina.startup.HostConfig.deployDirectory Deployment of web application directory [/home/diogo/Desktop/Aulas/IES/lab2.1/apache-tomcat-9.0.39/webapps/manager] has finished in [256] ms
27-Oct-2020 11:40:03.101 INFO [main] org.apache.catalina.startup.HostConfig.deployDirectory Deploying web application directory [/home/diogo/Desktop/Aulas/IES/lab2.1/apache-tomcat-9.0.39/webapps/examples]
27-Oct-2020 11:40:03.351 INFO [main] org.apache.catalina.startup.HostConfig.deployDirectory Deployment of web application directory [/home/diogo/Desktop/Aulas/IES/lab2.1/apache-tomcat-9.0.39/webapps/examples] has finished in [249] ms
27-Oct-2020 11:40:03.351 INFO [main] org.apache.catalina.startup.HostConfig.deployDirectory Deploying web application directory [/home/diogo/Desktop/Aulas/IES/lab2.1/apache-tomcat-9.0.39/webapps/ROOT]
27-Oct-2020 11:40:03.368 INFO [main] org.apache.catalina.startup.HostConfig.deployDirectory Deployment of web application directory [/home/diogo/Desktop/Aulas/IES/lab2.1/apache-tomcat-9.0.39/webapps/ROOT] has finished in [17] ms
27-Oct-2020 11:40:03.368 INFO [main] org.apache.catalina.startup.HostConfig.deployDirectory Deploying web application directory [/home/diogo/Desktop/Aulas/IES/lab2.1/apache-tomcat-9.0.39/webapps/docs]
27-Oct-2020 11:40:03.383 INFO [main] org.apache.catalina.startup.HostConfig.deployDirectory Deployment of web application directory [/home/diogo/Desktop/Aulas/IES/lab2.1/apache-tomcat-9.0.39/webapps/docs] has finished in [15] ms
27-Oct-2020 11:40:03.384 INFO [main] org.apache.catalina.startup.HostConfig.deployDirectory Deploying web application directory [/home/diogo/Desktop/Aulas/IES/lab2.1/apache-tomcat-9.0.39/webapps/host-manager]
27-Oct-2020 11:40:03.403 INFO [main] org.apache.catalina.startup.HostConfig.deployDirectory Deployment of web application directory [/home/diogo/Desktop/Aulas/IES/lab2.1/apache-tomcat-9.0.39/webapps/host-manager] has finished in [18] ms
27-Oct-2020 11:40:03.406 INFO [main] org.apache.coyote.AbstractProtocol.start Starting ProtocolHandler ["http-nio-8080"]
27-Oct-2020 11:40:03.418 INFO [main] org.apache.catalina.startup.Catalina.start Server startup in [620] milliseconds
27-Oct-2020 11:57:03.767 INFO [http-nio-8080-exec-10] org.apache.catalina.startup.HostConfig.deployWAR Deploying web application archive [/home/diogo/Desktop/Aulas/IES/lab2.1/apache-tomcat-9.0.39/webapps/webapp-javaee7-1.1.war]
27-Oct-2020 11:57:03.822 INFO [http-nio-8080-exec-10] org.apache.catalina.startup.HostConfig.deployWAR Deployment of web application archive [/home/diogo/Desktop/Aulas/IES/lab2.1/apache-tomcat-9.0.39/webapps/webapp-javaee7-1.1.war] has finished in [54] ms
27-Oct-2020 12:00:00.144 INFO [main] org.apache.catalina.core.StandardServer.await A valid shutdown command was received via the shutdown port. Stopping the Server instance.
27-Oct-2020 12:00:00.145 INFO [main] org.apache.coyote.AbstractProtocol.pause Pausing ProtocolHandler ["http-nio-8080"]
27-Oct-2020 12:00:00.148 INFO [main] org.apache.catalina.core.StandardService.stopInternal Stopping service [Catalina]
27-Oct-2020 12:00:00.177 INFO [main] org.apache.coyote.AbstractProtocol.stop Stopping ProtocolHandler ["http-nio-8080"]
27-Oct-2020 12:00:00.201 INFO [main] org.apache.coyote.AbstractProtocol.destroy Destroying ProtocolHandler ["http-nio-8080"]
NOTE: Picked up JDK_JAVA_OPTIONS:  --add-opens=java.base/java.lang=ALL-UNNAMED --add-opens=java.base/java.io=ALL-UNNAMED --add-opens=java.rmi/sun.rmi.transport=ALL-UNNAMED
27-Oct-2020 18:23:31.351 INFO [main] org.apache.catalina.startup.VersionLoggerListener.log Server version name:   Apache Tomcat/9.0.39
27-Oct-2020 18:23:31.355 INFO [main] org.apache.catalina.startup.VersionLoggerListener.log Server built:          Oct 6 2020 14:11:46 UTC
27-Oct-2020 18:23:31.355 INFO [main] org.apache.catalina.startup.VersionLoggerListener.log Server version number: 9.0.39.0
27-Oct-2020 18:23:31.355 INFO [main] org.apache.catalina.startup.VersionLoggerListener.log OS Name:               Linux
27-Oct-2020 18:23:31.355 INFO [main] org.apache.catalina.startup.VersionLoggerListener.log OS Version:            5.4.0-52-generic
27-Oct-2020 18:23:31.355 INFO [main] org.apache.catalina.startup.VersionLoggerListener.log Architecture:          amd64
27-Oct-2020 18:23:31.355 INFO [main] org.apache.catalina.startup.VersionLoggerListener.log Java Home:             /usr/lib/jvm/java-14-openjdk-amd64
27-Oct-2020 18:23:31.355 INFO [main] org.apache.catalina.startup.VersionLoggerListener.log JVM Version:           14.0.2+12-Ubuntu-120.04
27-Oct-2020 18:23:31.356 INFO [main] org.apache.catalina.startup.VersionLoggerListener.log JVM Vendor:            Private Build
27-Oct-2020 18:23:31.356 INFO [main] org.apache.catalina.startup.VersionLoggerListener.log CATALINA_BASE:         /home/diogo/Desktop/Aulas/IES/lab2.1/apache-tomcat-9.0.39
27-Oct-2020 18:23:31.356 INFO [main] org.apache.catalina.startup.VersionLoggerListener.log CATALINA_HOME:         /home/diogo/Desktop/Aulas/IES/lab2.1/apache-tomcat-9.0.39
27-Oct-2020 18:23:31.373 INFO [main] org.apache.catalina.startup.VersionLoggerListener.log Command line argument: --add-opens=java.base/java.lang=ALL-UNNAMED
27-Oct-2020 18:23:31.373 INFO [main] org.apache.catalina.startup.VersionLoggerListener.log Command line argument: --add-opens=java.base/java.io=ALL-UNNAMED
27-Oct-2020 18:23:31.373 INFO [main] org.apache.catalina.startup.VersionLoggerListener.log Command line argument: --add-opens=java.rmi/sun.rmi.transport=ALL-UNNAMED
27-Oct-2020 18:23:31.374 INFO [main] org.apache.catalina.startup.VersionLoggerListener.log Command line argument: -Djava.util.logging.config.file=/home/diogo/Desktop/Aulas/IES/lab2.1/apache-tomcat-9.0.39/conf/logging.properties
27-Oct-2020 18:23:31.374 INFO [main] org.apache.catalina.startup.VersionLoggerListener.log Command line argument: -Djava.util.logging.manager=org.apache.juli.ClassLoaderLogManager
27-Oct-2020 18:23:31.374 INFO [main] org.apache.catalina.startup.VersionLoggerListener.log Command line argument: -Djdk.tls.ephemeralDHKeySize=2048
27-Oct-2020 18:23:31.374 INFO [main] org.apache.catalina.startup.VersionLoggerListener.log Command line argument: -Djava.protocol.handler.pkgs=org.apache.catalina.webresources
27-Oct-2020 18:23:31.375 INFO [main] org.apache.catalina.startup.VersionLoggerListener.log Command line argument: -Dorg.apache.catalina.security.SecurityListener.UMASK=0027
27-Oct-2020 18:23:31.375 INFO [main] org.apache.catalina.startup.VersionLoggerListener.log Command line argument: -Dignore.endorsed.dirs=
27-Oct-2020 18:23:31.375 INFO [main] org.apache.catalina.startup.VersionLoggerListener.log Command line argument: -Dcatalina.base=/home/diogo/Desktop/Aulas/IES/lab2.1/apache-tomcat-9.0.39
27-Oct-2020 18:23:31.375 INFO [main] org.apache.catalina.startup.VersionLoggerListener.log Command line argument: -Dcatalina.home=/home/diogo/Desktop/Aulas/IES/lab2.1/apache-tomcat-9.0.39
27-Oct-2020 18:23:31.375 INFO [main] org.apache.catalina.startup.VersionLoggerListener.log Command line argument: -Djava.io.tmpdir=/home/diogo/Desktop/Aulas/IES/lab2.1/apache-tomcat-9.0.39/temp
27-Oct-2020 18:23:31.376 INFO [main] org.apache.catalina.core.AprLifecycleListener.lifecycleEvent The Apache Tomcat Native library which allows using OpenSSL was not found on the java.library.path: [/usr/java/packages/lib:/usr/lib/x86_64-linux-gnu/jni:/lib/x86_64-linux-gnu:/usr/lib/x86_64-linux-gnu:/usr/lib/jni:/lib:/usr/lib]
27-Oct-2020 18:23:31.678 INFO [main] org.apache.coyote.AbstractProtocol.init Initializing ProtocolHandler ["http-nio-8080"]
27-Oct-2020 18:23:31.693 SEVERE [main] org.apache.catalina.util.LifecycleBase.handleSubClassException Failed to initialize component [Connector[HTTP/1.1-8080]]
	org.apache.catalina.LifecycleException: Protocol handler initialization failed
		at org.apache.catalina.connector.Connector.initInternal(Connector.java:1042)
		at org.apache.catalina.util.LifecycleBase.init(LifecycleBase.java:136)
		at org.apache.catalina.core.StandardService.initInternal(StandardService.java:533)
		at org.apache.catalina.util.LifecycleBase.init(LifecycleBase.java:136)
		at org.apache.catalina.core.StandardServer.initInternal(StandardServer.java:1057)
		at org.apache.catalina.util.LifecycleBase.init(LifecycleBase.java:136)
		at org.apache.catalina.startup.Catalina.load(Catalina.java:724)
		at org.apache.catalina.startup.Catalina.load(Catalina.java:746)
		at java.base/jdk.internal.reflect.NativeMethodAccessorImpl.invoke0(Native Method)
		at java.base/jdk.internal.reflect.NativeMethodAccessorImpl.invoke(NativeMethodAccessorImpl.java:62)
		at java.base/jdk.internal.reflect.DelegatingMethodAccessorImpl.invoke(DelegatingMethodAccessorImpl.java:43)
		at java.base/java.lang.reflect.Method.invoke(Method.java:564)
		at org.apache.catalina.startup.Bootstrap.load(Bootstrap.java:302)
		at org.apache.catalina.startup.Bootstrap.main(Bootstrap.java:472)
	Caused by: java.net.BindException: Address already in use
		at java.base/sun.nio.ch.Net.bind0(Native Method)
		at java.base/sun.nio.ch.Net.bind(Net.java:479)
		at java.base/sun.nio.ch.Net.bind(Net.java:468)
		at java.base/sun.nio.ch.ServerSocketChannelImpl.bind(ServerSocketChannelImpl.java:220)
		at java.base/sun.nio.ch.ServerSocketAdaptor.bind(ServerSocketAdaptor.java:88)
		at org.apache.tomcat.util.net.NioEndpoint.initServerSocket(NioEndpoint.java:228)
		at org.apache.tomcat.util.net.NioEndpoint.bind(NioEndpoint.java:211)
		at org.apache.tomcat.util.net.AbstractEndpoint.bindWithCleanup(AbstractEndpoint.java:1141)
		at org.apache.tomcat.util.net.AbstractEndpoint.init(AbstractEndpoint.java:1154)
		at org.apache.coyote.AbstractProtocol.init(AbstractProtocol.java:581)
		at org.apache.coyote.http11.AbstractHttp11Protocol.init(AbstractHttp11Protocol.java:75)
		at org.apache.catalina.connector.Connector.initInternal(Connector.java:1039)
		... 13 more
27-Oct-2020 18:23:31.694 INFO [main] org.apache.catalina.startup.Catalina.load Server initialization in [512] milliseconds
27-Oct-2020 18:23:31.732 INFO [main] org.apache.catalina.core.StandardService.startInternal Starting service [Catalina]
27-Oct-2020 18:23:31.733 INFO [main] org.apache.catalina.core.StandardEngine.startInternal Starting Servlet engine: [Apache Tomcat/9.0.39]
27-Oct-2020 18:23:31.746 INFO [main] org.apache.catalina.startup.HostConfig.deployWAR Deploying web application archive [/home/diogo/Desktop/Aulas/IES/lab2.1/apache-tomcat-9.0.39/webapps/webapp-javaee7-1.1.war]
27-Oct-2020 18:23:31.989 INFO [main] org.apache.catalina.startup.HostConfig.deployWAR Deployment of web application archive [/home/diogo/Desktop/Aulas/IES/lab2.1/apache-tomcat-9.0.39/webapps/webapp-javaee7-1.1.war] has finished in [242] ms
27-Oct-2020 18:23:31.990 INFO [main] org.apache.catalina.startup.HostConfig.deployDirectory Deploying web application directory [/home/diogo/Desktop/Aulas/IES/lab2.1/apache-tomcat-9.0.39/webapps/manager]
27-Oct-2020 18:23:32.050 INFO [main] org.apache.catalina.startup.HostConfig.deployDirectory Deployment of web application directory [/home/diogo/Desktop/Aulas/IES/lab2.1/apache-tomcat-9.0.39/webapps/manager] has finished in [60] ms
27-Oct-2020 18:23:32.050 INFO [main] org.apache.catalina.startup.HostConfig.deployDirectory Deploying web application directory [/home/diogo/Desktop/Aulas/IES/lab2.1/apache-tomcat-9.0.39/webapps/examples]
27-Oct-2020 18:23:32.359 INFO [main] org.apache.catalina.startup.HostConfig.deployDirectory Deployment of web application directory [/home/diogo/Desktop/Aulas/IES/lab2.1/apache-tomcat-9.0.39/webapps/examples] has finished in [309] ms
27-Oct-2020 18:23:32.359 INFO [main] org.apache.catalina.startup.HostConfig.deployDirectory Deploying web application directory [/home/diogo/Desktop/Aulas/IES/lab2.1/apache-tomcat-9.0.39/webapps/ROOT]
27-Oct-2020 18:23:32.380 INFO [main] org.apache.catalina.startup.HostConfig.deployDirectory Deployment of web application directory [/home/diogo/Desktop/Aulas/IES/lab2.1/apache-tomcat-9.0.39/webapps/ROOT] has finished in [20] ms
27-Oct-2020 18:23:32.380 INFO [main] org.apache.catalina.startup.HostConfig.deployDirectory Deploying web application directory [/home/diogo/Desktop/Aulas/IES/lab2.1/apache-tomcat-9.0.39/webapps/docs]
27-Oct-2020 18:23:32.398 INFO [main] org.apache.catalina.startup.HostConfig.deployDirectory Deployment of web application directory [/home/diogo/Desktop/Aulas/IES/lab2.1/apache-tomcat-9.0.39/webapps/docs] has finished in [18] ms
27-Oct-2020 18:23:32.398 INFO [main] org.apache.catalina.startup.HostConfig.deployDirectory Deploying web application directory [/home/diogo/Desktop/Aulas/IES/lab2.1/apache-tomcat-9.0.39/webapps/host-manager]
27-Oct-2020 18:23:32.426 INFO [main] org.apache.catalina.startup.HostConfig.deployDirectory Deployment of web application directory [/home/diogo/Desktop/Aulas/IES/lab2.1/apache-tomcat-9.0.39/webapps/host-manager] has finished in [27] ms
27-Oct-2020 18:23:32.431 INFO [main] org.apache.catalina.startup.Catalina.start Server startup in [736] milliseconds
27-Oct-2020 18:23:32.435 SEVERE [main] org.apache.catalina.core.StandardServer.await Failed to create server shutdown socket on address [localhost] and port [8005] (base port [8005] and offset [0])
	java.net.BindException: Address already in use
		at java.base/sun.nio.ch.Net.bind0(Native Method)
		at java.base/sun.nio.ch.Net.bind(Net.java:479)
		at java.base/sun.nio.ch.Net.bind(Net.java:468)
		at java.base/sun.nio.ch.NioSocketImpl.bind(NioSocketImpl.java:643)
		at java.base/java.net.ServerSocket.bind(ServerSocket.java:396)
		at java.base/java.net.ServerSocket.<init>(ServerSocket.java:282)
		at org.apache.catalina.core.StandardServer.await(StandardServer.java:584)
		at org.apache.catalina.startup.Catalina.await(Catalina.java:864)
		at org.apache.catalina.startup.Catalina.start(Catalina.java:810)
		at java.base/jdk.internal.reflect.NativeMethodAccessorImpl.invoke0(Native Method)
		at java.base/jdk.internal.reflect.NativeMethodAccessorImpl.invoke(NativeMethodAccessorImpl.java:62)
		at java.base/jdk.internal.reflect.DelegatingMethodAccessorImpl.invoke(DelegatingMethodAccessorImpl.java:43)
		at java.base/java.lang.reflect.Method.invoke(Method.java:564)
		at org.apache.catalina.startup.Bootstrap.start(Bootstrap.java:342)
		at org.apache.catalina.startup.Bootstrap.main(Bootstrap.java:473)
27-Oct-2020 18:23:32.435 INFO [main] org.apache.coyote.AbstractProtocol.pause Pausing ProtocolHandler ["http-nio-8080"]
27-Oct-2020 18:23:32.435 INFO [main] org.apache.catalina.core.StandardService.stopInternal Stopping service [Catalina]
27-Oct-2020 18:23:32.465 INFO [main] org.apache.coyote.AbstractProtocol.stop Stopping ProtocolHandler ["http-nio-8080"]
27-Oct-2020 18:23:32.465 INFO [main] org.apache.coyote.AbstractProtocol.destroy Destroying ProtocolHandler ["http-nio-8080"]
NOTE: Picked up JDK_JAVA_OPTIONS:  --add-opens=java.base/java.lang=ALL-UNNAMED --add-opens=java.base/java.io=ALL-UNNAMED --add-opens=java.rmi/sun.rmi.transport=ALL-UNNAMED
27-Oct-2020 18:24:06.336 INFO [main] org.apache.catalina.startup.VersionLoggerListener.log Server version name:   Apache Tomcat/9.0.39
27-Oct-2020 18:24:06.339 INFO [main] org.apache.catalina.startup.VersionLoggerListener.log Server built:          Oct 6 2020 14:11:46 UTC
27-Oct-2020 18:24:06.339 INFO [main] org.apache.catalina.startup.VersionLoggerListener.log Server version number: 9.0.39.0
27-Oct-2020 18:24:06.340 INFO [main] org.apache.catalina.startup.VersionLoggerListener.log OS Name:               Linux
27-Oct-2020 18:24:06.340 INFO [main] org.apache.catalina.startup.VersionLoggerListener.log OS Version:            5.4.0-52-generic
27-Oct-2020 18:24:06.340 INFO [main] org.apache.catalina.startup.VersionLoggerListener.log Architecture:          amd64
27-Oct-2020 18:24:06.340 INFO [main] org.apache.catalina.startup.VersionLoggerListener.log Java Home:             /usr/lib/jvm/java-14-openjdk-amd64
27-Oct-2020 18:24:06.340 INFO [main] org.apache.catalina.startup.VersionLoggerListener.log JVM Version:           14.0.2+12-Ubuntu-120.04
27-Oct-2020 18:24:06.340 INFO [main] org.apache.catalina.startup.VersionLoggerListener.log JVM Vendor:            Private Build
27-Oct-2020 18:24:06.340 INFO [main] org.apache.catalina.startup.VersionLoggerListener.log CATALINA_BASE:         /home/diogo/Desktop/Aulas/IES/lab2.1/apache-tomcat-9.0.39
27-Oct-2020 18:24:06.340 INFO [main] org.apache.catalina.startup.VersionLoggerListener.log CATALINA_HOME:         /home/diogo/Desktop/Aulas/IES/lab2.1/apache-tomcat-9.0.39
27-Oct-2020 18:24:06.352 INFO [main] org.apache.catalina.startup.VersionLoggerListener.log Command line argument: --add-opens=java.base/java.lang=ALL-UNNAMED
27-Oct-2020 18:24:06.352 INFO [main] org.apache.catalina.startup.VersionLoggerListener.log Command line argument: --add-opens=java.base/java.io=ALL-UNNAMED
27-Oct-2020 18:24:06.353 INFO [main] org.apache.catalina.startup.VersionLoggerListener.log Command line argument: --add-opens=java.rmi/sun.rmi.transport=ALL-UNNAMED
27-Oct-2020 18:24:06.353 INFO [main] org.apache.catalina.startup.VersionLoggerListener.log Command line argument: -Djava.util.logging.config.file=/home/diogo/Desktop/Aulas/IES/lab2.1/apache-tomcat-9.0.39/conf/logging.properties
27-Oct-2020 18:24:06.353 INFO [main] org.apache.catalina.startup.VersionLoggerListener.log Command line argument: -Djava.util.logging.manager=org.apache.juli.ClassLoaderLogManager
27-Oct-2020 18:24:06.353 INFO [main] org.apache.catalina.startup.VersionLoggerListener.log Command line argument: -Djdk.tls.ephemeralDHKeySize=2048
27-Oct-2020 18:24:06.353 INFO [main] org.apache.catalina.startup.VersionLoggerListener.log Command line argument: -Djava.protocol.handler.pkgs=org.apache.catalina.webresources
27-Oct-2020 18:24:06.353 INFO [main] org.apache.catalina.startup.VersionLoggerListener.log Command line argument: -Dorg.apache.catalina.security.SecurityListener.UMASK=0027
27-Oct-2020 18:24:06.353 INFO [main] org.apache.catalina.startup.VersionLoggerListener.log Command line argument: -Dignore.endorsed.dirs=
27-Oct-2020 18:24:06.353 INFO [main] org.apache.catalina.startup.VersionLoggerListener.log Command line argument: -Dcatalina.base=/home/diogo/Desktop/Aulas/IES/lab2.1/apache-tomcat-9.0.39
27-Oct-2020 18:24:06.353 INFO [main] org.apache.catalina.startup.VersionLoggerListener.log Command line argument: -Dcatalina.home=/home/diogo/Desktop/Aulas/IES/lab2.1/apache-tomcat-9.0.39
27-Oct-2020 18:24:06.354 INFO [main] org.apache.catalina.startup.VersionLoggerListener.log Command line argument: -Djava.io.tmpdir=/home/diogo/Desktop/Aulas/IES/lab2.1/apache-tomcat-9.0.39/temp
27-Oct-2020 18:24:06.355 INFO [main] org.apache.catalina.core.AprLifecycleListener.lifecycleEvent The Apache Tomcat Native library which allows using OpenSSL was not found on the java.library.path: [/usr/java/packages/lib:/usr/lib/x86_64-linux-gnu/jni:/lib/x86_64-linux-gnu:/usr/lib/x86_64-linux-gnu:/usr/lib/jni:/lib:/usr/lib]
27-Oct-2020 18:24:06.645 INFO [main] org.apache.coyote.AbstractProtocol.init Initializing ProtocolHandler ["http-nio-8080"]
27-Oct-2020 18:24:06.678 INFO [main] org.apache.catalina.startup.Catalina.load Server initialization in [513] milliseconds
27-Oct-2020 18:24:06.733 INFO [main] org.apache.catalina.core.StandardService.startInternal Starting service [Catalina]
27-Oct-2020 18:24:06.734 INFO [main] org.apache.catalina.core.StandardEngine.startInternal Starting Servlet engine: [Apache Tomcat/9.0.39]
27-Oct-2020 18:24:06.748 INFO [main] org.apache.catalina.startup.HostConfig.deployWAR Deploying web application archive [/home/diogo/Desktop/Aulas/IES/lab2.1/apache-tomcat-9.0.39/webapps/webapp-javaee7-1.1.war]
27-Oct-2020 18:24:07.027 INFO [main] org.apache.catalina.startup.HostConfig.deployWAR Deployment of web application archive [/home/diogo/Desktop/Aulas/IES/lab2.1/apache-tomcat-9.0.39/webapps/webapp-javaee7-1.1.war] has finished in [278] ms
27-Oct-2020 18:24:07.028 INFO [main] org.apache.catalina.startup.HostConfig.deployDirectory Deploying web application directory [/home/diogo/Desktop/Aulas/IES/lab2.1/apache-tomcat-9.0.39/webapps/manager]
27-Oct-2020 18:24:07.087 INFO [main] org.apache.catalina.startup.HostConfig.deployDirectory Deployment of web application directory [/home/diogo/Desktop/Aulas/IES/lab2.1/apache-tomcat-9.0.39/webapps/manager] has finished in [58] ms
27-Oct-2020 18:24:07.087 INFO [main] org.apache.catalina.startup.HostConfig.deployDirectory Deploying web application directory [/home/diogo/Desktop/Aulas/IES/lab2.1/apache-tomcat-9.0.39/webapps/examples]
27-Oct-2020 18:24:07.326 INFO [main] org.apache.catalina.startup.HostConfig.deployDirectory Deployment of web application directory [/home/diogo/Desktop/Aulas/IES/lab2.1/apache-tomcat-9.0.39/webapps/examples] has finished in [239] ms
27-Oct-2020 18:24:07.326 INFO [main] org.apache.catalina.startup.HostConfig.deployDirectory Deploying web application directory [/home/diogo/Desktop/Aulas/IES/lab2.1/apache-tomcat-9.0.39/webapps/ROOT]
27-Oct-2020 18:24:07.343 INFO [main] org.apache.catalina.startup.HostConfig.deployDirectory Deployment of web application directory [/home/diogo/Desktop/Aulas/IES/lab2.1/apache-tomcat-9.0.39/webapps/ROOT] has finished in [17] ms
27-Oct-2020 18:24:07.343 INFO [main] org.apache.catalina.startup.HostConfig.deployDirectory Deploying web application directory [/home/diogo/Desktop/Aulas/IES/lab2.1/apache-tomcat-9.0.39/webapps/docs]
27-Oct-2020 18:24:07.361 INFO [main] org.apache.catalina.startup.HostConfig.deployDirectory Deployment of web application directory [/home/diogo/Desktop/Aulas/IES/lab2.1/apache-tomcat-9.0.39/webapps/docs] has finished in [17] ms
27-Oct-2020 18:24:07.361 INFO [main] org.apache.catalina.startup.HostConfig.deployDirectory Deploying web application directory [/home/diogo/Desktop/Aulas/IES/lab2.1/apache-tomcat-9.0.39/webapps/host-manager]
27-Oct-2020 18:24:07.381 INFO [main] org.apache.catalina.startup.HostConfig.deployDirectory Deployment of web application directory [/home/diogo/Desktop/Aulas/IES/lab2.1/apache-tomcat-9.0.39/webapps/host-manager] has finished in [20] ms
27-Oct-2020 18:24:07.385 INFO [main] org.apache.coyote.AbstractProtocol.start Starting ProtocolHandler ["http-nio-8080"]
27-Oct-2020 18:24:07.396 INFO [main] org.apache.catalina.startup.Catalina.start Server startup in [717] milliseconds
27-Oct-2020 19:10:54.053 INFO [main] org.apache.catalina.core.StandardServer.await A valid shutdown command was received via the shutdown port. Stopping the Server instance.
27-Oct-2020 19:10:54.054 INFO [main] org.apache.coyote.AbstractProtocol.pause Pausing ProtocolHandler ["http-nio-8080"]
27-Oct-2020 19:10:54.058 INFO [main] org.apache.catalina.core.StandardService.stopInternal Stopping service [Catalina]
27-Oct-2020 19:10:54.093 INFO [main] org.apache.coyote.AbstractProtocol.stop Stopping ProtocolHandler ["http-nio-8080"]
27-Oct-2020 19:10:54.110 INFO [main] org.apache.coyote.AbstractProtocol.destroy Destroying ProtocolHandler ["http-nio-8080"]
