20-Oct-2020 11:35:38.064 INFO [main] org.apache.catalina.core.ApplicationContext.log ContextListener: contextInitialized()
20-Oct-2020 11:35:38.064 INFO [main] org.apache.catalina.core.ApplicationContext.log SessionListener: contextInitialized()
20-Oct-2020 11:35:38.069 INFO [main] org.apache.catalina.core.ApplicationContext.log ContextListener: attributeAdded('StockTicker', 'async.Stockticker@29e6eb25')
20-Oct-2020 11:35:56.343 INFO [main] org.apache.catalina.core.ApplicationContext.log ContextListener: contextInitialized()
20-Oct-2020 11:35:56.343 INFO [main] org.apache.catalina.core.ApplicationContext.log SessionListener: contextInitialized()
20-Oct-2020 11:35:56.347 INFO [main] org.apache.catalina.core.ApplicationContext.log ContextListener: attributeAdded('StockTicker', 'async.Stockticker@4de41af9')
20-Oct-2020 11:35:56.516 INFO [main] org.apache.catalina.core.ApplicationContext.log SessionListener: contextDestroyed()
20-Oct-2020 11:35:56.517 INFO [main] org.apache.catalina.core.ApplicationContext.log ContextListener: contextDestroyed()
20-Oct-2020 11:36:33.191 INFO [main] org.apache.catalina.core.ApplicationContext.log ContextListener: contextInitialized()
20-Oct-2020 11:36:33.191 INFO [main] org.apache.catalina.core.ApplicationContext.log SessionListener: contextInitialized()
20-Oct-2020 11:36:33.193 INFO [main] org.apache.catalina.core.ApplicationContext.log ContextListener: attributeAdded('StockTicker', 'async.Stockticker@5b057c8c')
20-Oct-2020 11:36:33.333 INFO [main] org.apache.catalina.core.ApplicationContext.log SessionListener: contextDestroyed()
20-Oct-2020 11:36:33.333 INFO [main] org.apache.catalina.core.ApplicationContext.log ContextListener: contextDestroyed()
20-Oct-2020 11:37:18.947 INFO [main] org.apache.catalina.core.ApplicationContext.log SessionListener: contextDestroyed()
20-Oct-2020 11:37:18.947 INFO [main] org.apache.catalina.core.ApplicationContext.log ContextListener: contextDestroyed()
20-Oct-2020 11:38:50.208 INFO [main] org.apache.catalina.core.ApplicationContext.log ContextListener: contextInitialized()
20-Oct-2020 11:38:50.208 INFO [main] org.apache.catalina.core.ApplicationContext.log SessionListener: contextInitialized()
20-Oct-2020 11:38:50.211 INFO [main] org.apache.catalina.core.ApplicationContext.log ContextListener: attributeAdded('StockTicker', 'async.Stockticker@4f2613d1')
20-Oct-2020 11:39:02.437 INFO [main] org.apache.catalina.core.ApplicationContext.log SessionListener: contextDestroyed()
20-Oct-2020 11:39:02.437 INFO [main] org.apache.catalina.core.ApplicationContext.log ContextListener: contextDestroyed()
20-Oct-2020 11:39:18.142 INFO [main] org.apache.catalina.core.ApplicationContext.log ContextListener: contextInitialized()
20-Oct-2020 11:39:18.143 INFO [main] org.apache.catalina.core.ApplicationContext.log SessionListener: contextInitialized()
20-Oct-2020 11:39:18.148 INFO [main] org.apache.catalina.core.ApplicationContext.log ContextListener: attributeAdded('StockTicker', 'async.Stockticker@4f2613d1')
20-Oct-2020 11:55:54.017 INFO [main] org.apache.catalina.core.ApplicationContext.log SessionListener: contextDestroyed()
20-Oct-2020 11:55:54.017 INFO [main] org.apache.catalina.core.ApplicationContext.log ContextListener: contextDestroyed()
20-Oct-2020 11:55:59.612 INFO [main] org.apache.catalina.core.ApplicationContext.log ContextListener: contextInitialized()
20-Oct-2020 11:55:59.612 INFO [main] org.apache.catalina.core.ApplicationContext.log SessionListener: contextInitialized()
20-Oct-2020 11:55:59.615 INFO [main] org.apache.catalina.core.ApplicationContext.log ContextListener: attributeAdded('StockTicker', 'async.Stockticker@2f9a01c1')
20-Oct-2020 12:32:17.547 INFO [main] org.apache.catalina.core.ApplicationContext.log SessionListener: contextDestroyed()
20-Oct-2020 12:32:17.547 INFO [main] org.apache.catalina.core.ApplicationContext.log ContextListener: contextDestroyed()
